[Mon Feb  9 09:00:01 AM EST 2026] Starting daily film finance scan...
2026-02-09 09:00:02,137 - INFO - Starting daily funding scan
2026-02-09 09:00:17,484 - INFO - Running opencode AI research...
2026-02-09 09:04:19,359 - INFO - AI research (investor): found 10 leads
2026-02-09 09:04:21,524 - INFO - Running opencode AI research...
2026-02-09 09:07:29,459 - INFO - AI research (grant): found 10 leads
2026-02-09 09:07:31,541 - INFO - Running opencode AI research...
2026-02-09 09:12:31,570 - ERROR - opencode timed out after 5 minutes
2026-02-09 09:12:33,674 - INFO - Found 32 suitable, 17 new
2026-02-09 09:12:33,772 - INFO - ntfy sent: Film Funding Opportunities
2026-02-09 09:12:33,772 - INFO - Notification sent: Film Funding Opportunities
2026-02-09 09:12:33,844 - INFO - Sent digest with 15 opportunities
2026-02-09 09:12:33,844 - INFO - Daily scan completed
Film Finance Finder
Target: CAD $30,000
Focus: Emerging Filmmakers - Toronto/Ontario/Canada
Heavy focus: Private investors, arts patrons
ntfy: configured
opencode model: default free

[Mon Feb  9 09:12:33 AM EST 2026] Scan complete.
[Tue Feb 10 09:00:01 AM EST 2026] Starting daily film finance scan...
2026-02-10 09:00:01,457 - INFO - Starting daily funding scan
2026-02-10 09:00:13,648 - INFO - Running opencode AI research...
2026-02-10 09:01:54,988 - INFO - AI research (investor): found 8 leads
2026-02-10 09:01:57,159 - INFO - Running opencode AI research...
2026-02-10 09:03:52,578 - INFO - AI research (grant): found 7 leads
2026-02-10 09:03:54,871 - INFO - Running opencode AI research...
2026-02-10 09:05:57,829 - INFO - AI research (networking): found 10 leads
2026-02-10 09:06:00,166 - INFO - Found 36 suitable, 11 new
2026-02-10 09:06:00,411 - INFO - ntfy sent: Film Funding Opportunities
2026-02-10 09:06:00,412 - INFO - Notification sent: Film Funding Opportunities
2026-02-10 09:06:00,495 - INFO - Sent digest with 15 opportunities
2026-02-10 09:06:00,496 - INFO - Daily scan completed
Film Finance Finder
Target: CAD $30,000
Focus: Emerging Filmmakers - Toronto/Ontario/Canada
Heavy focus: Private investors, arts patrons
ntfy: configured
opencode model: default free

[Tue Feb 10 09:06:00 AM EST 2026] Scan complete.
[Wed Feb 11 09:00:01 AM EST 2026] Starting daily film finance scan...
2026-02-11 09:00:02,115 - INFO - Starting daily funding scan
2026-02-11 09:00:14,168 - INFO - Running opencode AI research...
2026-02-11 09:03:03,783 - INFO - AI research (investor): found 10 leads
2026-02-11 09:03:05,902 - INFO - Running opencode AI research...
2026-02-11 09:06:58,443 - INFO - AI research (grant): found 5 leads
2026-02-11 09:07:00,747 - INFO - Running opencode AI research...
2026-02-11 09:11:00,321 - INFO - AI research (networking): found 12 leads
2026-02-11 09:11:02,604 - INFO - Found 38 suitable, 18 new
2026-02-11 09:11:02,755 - INFO - ntfy sent: Film Funding Opportunities
2026-02-11 09:11:02,756 - INFO - Notification sent: Film Funding Opportunities
2026-02-11 09:11:02,860 - INFO - Sent digest with 15 opportunities
2026-02-11 09:11:02,860 - INFO - Daily scan completed
Film Finance Finder
Target: CAD $30,000
Focus: Emerging Filmmakers - Toronto/Ontario/Canada
Heavy focus: Private investors, arts patrons
ntfy: configured
opencode model: default free

[Wed Feb 11 09:11:02 AM EST 2026] Scan complete.
[Thu Feb 12 09:00:01 AM EST 2026] Starting daily film finance scan...
2026-02-12 09:00:01,477 - INFO - Starting daily funding scan
2026-02-12 09:00:14,862 - INFO - Running opencode AI research...
2026-02-12 09:04:03,992 - INFO - AI research (investor): found 10 leads
2026-02-12 09:04:06,172 - INFO - Running opencode AI research...
2026-02-12 09:07:06,075 - INFO - AI research (grant): found 9 leads
2026-02-12 09:07:08,209 - INFO - Running opencode AI research...
2026-02-12 09:08:45,623 - INFO - AI research (networking): found 12 leads
2026-02-12 09:08:47,764 - INFO - Found 43 suitable, 17 new
2026-02-12 09:08:47,883 - INFO - ntfy sent: Film Funding Opportunities
2026-02-12 09:08:47,884 - INFO - Notification sent: Film Funding Opportunities
2026-02-12 09:08:48,050 - INFO - Sent digest with 15 opportunities
2026-02-12 09:08:48,050 - INFO - Daily scan completed
Film Finance Finder
Target: CAD $30,000
Focus: Emerging Filmmakers - Toronto/Ontario/Canada
Heavy focus: Private investors, arts patrons
ntfy: configured
opencode model: default free

[Thu Feb 12 09:08:48 AM EST 2026] Scan complete.
[Fri Feb 13 09:00:01 AM EST 2026] Starting daily film finance scan...
2026-02-13 09:00:01,664 - INFO - Starting daily funding scan
2026-02-13 09:00:17,897 - ERROR - Scraping error for https://www.canadacouncil.ca/funding/grants: HTTPSConnectionPool(host='www.canadacouncil.ca', port=443): Read timed out. (read timeout=10)
2026-02-13 09:00:20,879 - INFO - Running opencode AI research...
2026-02-13 09:03:35,411 - INFO - AI research (investor): found 10 leads
2026-02-13 09:03:37,538 - INFO - Running opencode AI research...
2026-02-13 09:05:46,599 - INFO - AI research (grant): found 15 leads
2026-02-13 09:05:48,795 - INFO - Running opencode AI research...
2026-02-13 09:09:16,116 - INFO - AI research (networking): found 20 leads
2026-02-13 09:09:18,350 - INFO - Found 55 suitable, 34 new
2026-02-13 09:09:18,448 - INFO - ntfy sent: Film Funding Opportunities
2026-02-13 09:09:18,449 - INFO - Notification sent: Film Funding Opportunities
2026-02-13 09:09:18,514 - INFO - Sent digest with 15 opportunities
2026-02-13 09:09:18,515 - INFO - Daily scan completed
Film Finance Finder
Target: CAD $30,000
Focus: Emerging Filmmakers - Toronto/Ontario/Canada
Heavy focus: Private investors, arts patrons
ntfy: configured
opencode model: default free

[Fri Feb 13 09:09:18 AM EST 2026] Scan complete.
[Sat Feb 14 09:00:02 AM EST 2026] Starting daily film finance scan...
2026-02-14 09:00:02,528 - INFO - Starting daily funding scan
2026-02-14 09:00:12,239 - INFO - Running opencode AI research...
2026-02-14 09:03:22,809 - INFO - AI research (investor): found 10 leads
2026-02-14 09:03:25,029 - INFO - Running opencode AI research...
2026-02-14 09:05:08,172 - INFO - AI research (grant): found 1 leads
2026-02-14 09:05:10,267 - INFO - Running opencode AI research...
2026-02-14 09:07:39,809 - INFO - AI research (networking): found 19 leads
2026-02-14 09:07:42,136 - INFO - Found 44 suitable, 12 new
2026-02-14 09:07:42,236 - INFO - ntfy sent: Film Funding Opportunities
2026-02-14 09:07:42,237 - INFO - Notification sent: Film Funding Opportunities
2026-02-14 09:07:42,340 - INFO - Sent digest with 15 opportunities
2026-02-14 09:07:42,341 - INFO - Daily scan completed
Film Finance Finder
Target: CAD $30,000
Focus: Emerging Filmmakers - Toronto/Ontario/Canada
Heavy focus: Private investors, arts patrons
ntfy: configured
opencode model: default free

[Sat Feb 14 09:07:42 AM EST 2026] Scan complete.
[Sun Feb 15 09:00:01 AM EST 2026] Starting daily film finance scan...
2026-02-15 09:00:03,073 - INFO - Starting daily funding scan
2026-02-15 09:00:16,121 - INFO - Running opencode AI research...
2026-02-15 09:04:33,523 - INFO - AI research (investor): found 12 leads
2026-02-15 09:04:35,666 - INFO - Running opencode AI research...
2026-02-15 09:09:02,395 - INFO - AI research (grant): found 26 leads
2026-02-15 09:09:04,482 - INFO - Running opencode AI research...
2026-02-15 09:12:19,798 - INFO - AI research (networking): found 24 leads
2026-02-15 09:12:21,965 - INFO - Found 77 suitable, 30 new
2026-02-15 09:12:22,123 - INFO - ntfy sent: Film Funding Opportunities
2026-02-15 09:12:22,124 - INFO - Notification sent: Film Funding Opportunities
2026-02-15 09:12:22,191 - INFO - Sent digest with 15 opportunities
2026-02-15 09:12:22,191 - INFO - Daily scan completed
Film Finance Finder
Target: CAD $30,000
Focus: Emerging Filmmakers - Toronto/Ontario/Canada
Heavy focus: Private investors, arts patrons
ntfy: configured
opencode model: default free

[Sun Feb 15 09:12:22 AM EST 2026] Scan complete.
[Mon Feb 16 09:00:02 AM EST 2026] Starting daily film finance scan...
2026-02-16 09:00:04,196 - INFO - Starting daily funding scan
2026-02-16 09:00:18,784 - INFO - Running opencode AI research...
2026-02-16 09:02:31,874 - INFO - AI research (investor): found 15 leads
2026-02-16 09:02:34,074 - INFO - Running opencode AI research...
2026-02-16 09:06:30,895 - INFO - AI research (grant): found 18 leads
2026-02-16 09:06:32,983 - INFO - Running opencode AI research...
2026-02-16 09:08:31,603 - INFO - AI research (networking): found 20 leads
2026-02-16 09:08:33,926 - INFO - Found 66 suitable, 23 new
2026-02-16 09:08:34,060 - INFO - ntfy sent: Film Funding Opportunities
2026-02-16 09:08:34,061 - INFO - Notification sent: Film Funding Opportunities
2026-02-16 09:08:34,182 - INFO - Sent digest with 15 opportunities
2026-02-16 09:08:34,182 - INFO - Daily scan completed
Film Finance Finder
Target: CAD $30,000
Focus: Emerging Filmmakers - Toronto/Ontario/Canada
Heavy focus: Private investors, arts patrons
ntfy: configured
opencode model: default free

[Mon Feb 16 09:08:34 AM EST 2026] Scan complete.
[Tue Feb 17 09:00:01 AM EST 2026] Starting daily film finance scan...
2026-02-17 09:00:02,321 - INFO - Starting daily funding scan
2026-02-17 09:00:17,279 - INFO - Running opencode AI research...
2026-02-17 09:04:45,365 - INFO - AI research (investor): found 10 leads
2026-02-17 09:04:47,569 - INFO - Running opencode AI research...
2026-02-17 09:07:33,997 - INFO - AI research (grant): found 20 leads
2026-02-17 09:07:36,094 - INFO - Running opencode AI research...
2026-02-17 09:09:53,801 - INFO - AI research (networking): found 22 leads
2026-02-17 09:09:56,113 - INFO - Found 64 suitable, 13 new
2026-02-17 09:09:56,207 - INFO - ntfy sent: Film Funding Opportunities
2026-02-17 09:09:56,208 - INFO - Notification sent: Film Funding Opportunities
2026-02-17 09:09:56,253 - INFO - Sent digest with 15 opportunities
2026-02-17 09:09:56,253 - INFO - Daily scan completed
Film Finance Finder
Target: CAD $30,000
Focus: Emerging Filmmakers - Toronto/Ontario/Canada
Heavy focus: Private investors, arts patrons
ntfy: configured
opencode model: default free

[Tue Feb 17 09:09:56 AM EST 2026] Scan complete.
[Wed Feb 18 09:00:01 AM EST 2026] Starting daily film finance scan...
2026-02-18 09:00:01,946 - INFO - Starting daily funding scan
2026-02-18 09:00:20,113 - INFO - Running opencode AI research...
2026-02-18 09:03:06,320 - INFO - AI research (investor): found 14 leads
2026-02-18 09:03:08,454 - INFO - Running opencode AI research...
2026-02-18 09:06:14,393 - INFO - AI research (grant): found 15 leads
2026-02-18 09:06:16,463 - INFO - Running opencode AI research...
2026-02-18 09:09:16,672 - INFO - AI research (networking): found 18 leads
2026-02-18 09:09:18,838 - INFO - Found 59 suitable, 15 new
2026-02-18 09:09:18,927 - INFO - ntfy sent: Film Funding Opportunities
2026-02-18 09:09:18,928 - INFO - Notification sent: Film Funding Opportunities
2026-02-18 09:09:19,061 - INFO - Sent digest with 15 opportunities
2026-02-18 09:09:19,062 - INFO - Daily scan completed
Film Finance Finder
Target: CAD $30,000
Focus: Emerging Filmmakers - Toronto/Ontario/Canada
Heavy focus: Private investors, arts patrons
ntfy: configured
opencode model: default free

[Wed Feb 18 09:09:19 AM EST 2026] Scan complete.
[Thu Feb 19 09:00:01 AM EST 2026] Starting daily film finance scan...
2026-02-19 09:00:01,699 - INFO - Starting daily funding scan
2026-02-19 09:00:17,753 - INFO - Running opencode AI research...
2026-02-19 09:04:05,663 - INFO - AI research (investor): found 16 leads
2026-02-19 09:04:07,802 - INFO - Running opencode AI research...
2026-02-19 09:06:32,519 - INFO - AI research (grant): found 13 leads
2026-02-19 09:06:34,628 - INFO - Running opencode AI research...
2026-02-19 09:10:11,931 - INFO - AI research (networking): found 18 leads
2026-02-19 09:10:14,087 - INFO - Found 60 suitable, 19 new
2026-02-19 09:10:14,172 - INFO - ntfy sent: Film Funding Opportunities
2026-02-19 09:10:14,172 - INFO - Notification sent: Film Funding Opportunities
2026-02-19 09:10:14,235 - INFO - Sent digest with 15 opportunities
2026-02-19 09:10:14,236 - INFO - Daily scan completed
Film Finance Finder
Target: CAD $30,000
Focus: Emerging Filmmakers - Toronto/Ontario/Canada
Heavy focus: Private investors, arts patrons
ntfy: configured
opencode model: default free

[Thu Feb 19 09:10:14 AM EST 2026] Scan complete.
[Fri Feb 20 09:00:01 AM EST 2026] Starting daily film finance scan...
2026-02-20 09:00:01,873 - INFO - Starting daily funding scan
2026-02-20 09:00:15,861 - INFO - Running opencode AI research...
2026-02-20 09:05:01,432 - INFO - AI research (investor): found 15 leads
2026-02-20 09:05:03,569 - INFO - Running opencode AI research...
2026-02-20 09:08:42,892 - INFO - AI research (grant): found 15 leads
2026-02-20 09:08:45,027 - INFO - Running opencode AI research...
2026-02-20 09:12:07,197 - INFO - AI research (networking): found 19 leads
2026-02-20 09:12:09,363 - INFO - Found 60 suitable, 7 new
2026-02-20 09:12:09,461 - INFO - ntfy sent: Film Funding Opportunities
2026-02-20 09:12:09,462 - INFO - Notification sent: Film Funding Opportunities
2026-02-20 09:12:09,588 - INFO - Sent digest with 15 opportunities
2026-02-20 09:12:09,589 - INFO - Daily scan completed
Film Finance Finder
Target: CAD $30,000
Focus: Emerging Filmmakers - Toronto/Ontario/Canada
Heavy focus: Private investors, arts patrons
ntfy: configured
opencode model: default free

[Fri Feb 20 09:12:09 AM EST 2026] Scan complete.
[Sat Feb 21 09:00:01 AM EST 2026] Starting daily film finance scan...
2026-02-21 09:00:02,235 - INFO - Starting daily funding scan
2026-02-21 09:00:13,125 - INFO - Running opencode AI research...
2026-02-21 09:01:03,553 - INFO - AI research (investor): found 1 leads
2026-02-21 09:01:05,972 - INFO - Running opencode AI research...
2026-02-21 09:03:24,260 - INFO - AI research (grant): found 10 leads
2026-02-21 09:03:26,343 - INFO - Running opencode AI research...
2026-02-21 09:08:26,372 - ERROR - opencode timed out after 5 minutes
2026-02-21 09:08:28,441 - INFO - Found 24 suitable, 8 new
2026-02-21 09:08:28,532 - INFO - ntfy sent: Film Funding Opportunities
2026-02-21 09:08:28,532 - INFO - Notification sent: Film Funding Opportunities
2026-02-21 09:08:28,639 - INFO - Sent digest with 15 opportunities
2026-02-21 09:08:28,640 - INFO - Daily scan completed
Film Finance Finder
Target: CAD $30,000
Focus: Emerging Filmmakers - Toronto/Ontario/Canada
Heavy focus: Private investors, arts patrons
ntfy: configured
opencode model: default free

[Sat Feb 21 09:08:28 AM EST 2026] Scan complete.
[Sun Feb 22 09:00:01 AM EST 2026] Starting daily film finance scan...
2026-02-22 09:00:01,353 - INFO - Starting daily funding scan
2026-02-22 09:00:10,337 - INFO - Running opencode AI research...
2026-02-22 09:05:10,367 - ERROR - opencode timed out after 5 minutes
2026-02-22 09:05:12,367 - INFO - Running opencode AI research...
2026-02-22 09:08:59,270 - INFO - AI research (grant): found 15 leads
2026-02-22 09:09:01,398 - INFO - Running opencode AI research...
2026-02-22 09:12:52,036 - INFO - AI research (networking): found 20 leads
2026-02-22 09:12:54,193 - INFO - Found 46 suitable, 13 new
2026-02-22 09:12:54,280 - INFO - ntfy sent: Film Funding Opportunities
2026-02-22 09:12:54,281 - INFO - Notification sent: Film Funding Opportunities
2026-02-22 09:12:54,403 - INFO - Sent digest with 15 opportunities
2026-02-22 09:12:54,403 - INFO - Daily scan completed
Film Finance Finder
Target: CAD $30,000
Focus: Emerging Filmmakers - Toronto/Ontario/Canada
Heavy focus: Private investors, arts patrons
ntfy: configured
opencode model: default free

[Sun Feb 22 09:12:54 AM EST 2026] Scan complete.
[Mon Feb 23 09:00:01 AM EST 2026] Starting daily film finance scan...
2026-02-23 09:00:02,045 - INFO - Starting daily funding scan
2026-02-23 09:00:02,045 - INFO - Running opencode AI research...
2026-02-23 09:01:52,472 - INFO - AI research (fund): found 8 leads
2026-02-23 09:01:54,675 - INFO - Running opencode AI research...
2026-02-23 09:06:12,853 - INFO - AI research (grant): found 10 leads
2026-02-23 09:06:14,992 - INFO - Running opencode AI research...
2026-02-23 09:11:15,026 - ERROR - opencode timed out after 5 minutes
2026-02-23 09:11:17,109 - INFO - Found 16 suitable, 4 new
2026-02-23 09:11:17,198 - INFO - ntfy sent: Film Funding Opportunities
2026-02-23 09:11:17,199 - INFO - Notification sent: Film Funding Opportunities
2026-02-23 09:11:17,336 - INFO - Sent digest with 15 opportunities
2026-02-23 09:11:17,337 - INFO - Daily scan completed
Film Finance Finder
Target: CAD $30,000
Focus: Emerging Filmmakers - Toronto/Ontario/Canada
Heavy focus: Private investors, arts patrons
ntfy: configured
opencode model: default free

[Mon Feb 23 09:11:17 AM EST 2026] Scan complete.
[Tue Feb 24 09:00:01 AM EST 2026] Starting daily film finance scan...
2026-02-24 09:00:01,977 - INFO - Starting daily funding scan
2026-02-24 09:00:01,978 - INFO - Running opencode AI research...
2026-02-24 09:03:05,182 - INFO - AI research (fund): found 10 leads
2026-02-24 09:03:07,303 - INFO - Running opencode AI research...
2026-02-24 09:08:07,330 - ERROR - opencode timed out after 5 minutes
2026-02-24 09:08:09,330 - INFO - Running opencode AI research...
2026-02-24 09:11:56,646 - INFO - AI research (competition): found 5 leads
2026-02-24 09:11:58,924 - INFO - Found 15 suitable, 3 new
2026-02-24 09:11:59,015 - INFO - ntfy sent: Film Funding Opportunities
2026-02-24 09:11:59,017 - INFO - Notification sent: Film Funding Opportunities
2026-02-24 09:11:59,132 - INFO - Sent digest with 15 opportunities
2026-02-24 09:11:59,133 - INFO - Daily scan completed
Film Finance Finder
Target: CAD $30,000
Focus: Emerging Filmmakers - Toronto/Ontario/Canada
Heavy focus: Private investors, arts patrons
ntfy: configured
opencode model: default free

[Tue Feb 24 09:11:59 AM EST 2026] Scan complete.
