2026-02-08 20:10:11,454 - INFO - Starting daily funding scan
2026-02-08 20:10:14,508 - ERROR - Scraping error for https://www.societe.sgc.ca/en/funding/: HTTPSConnectionPool(host='www.societe.sgc.ca', port=443): Max retries exceeded with url: /en/funding/ (Caused by NameResolutionError("HTTPSConnection(host='www.societe.sgc.ca', port=443): Failed to resolve 'www.societe.sgc.ca' ([Errno -2] Name or service not known)"))
2026-02-08 20:10:17,407 - ERROR - Scraping error for https://www.creativebc.ca/funding/: HTTPSConnectionPool(host='www.creativebc.ca', port=443): Max retries exceeded with url: /funding/ (Caused by SSLError(SSLCertVerificationError(1, '[SSL: CERTIFICATE_VERIFY_FAILED] certificate verify failed: self-signed certificate (_ssl.c:1000)')))
2026-02-08 20:10:19,268 - ERROR - Error processing feed https://www PlaybackOnline.com/feed/: URL can't contain control characters. 'www PlaybackOnline.com' (found at least ' ')
2026-02-08 20:10:26,541 - INFO - Starting daily funding scan
2026-02-08 20:10:28,357 - ERROR - Scraping error for https://www.societe.sgc.ca/en/funding/: HTTPSConnectionPool(host='www.societe.sgc.ca', port=443): Max retries exceeded with url: /en/funding/ (Caused by NameResolutionError("HTTPSConnection(host='www.societe.sgc.ca', port=443): Failed to resolve 'www.societe.sgc.ca' ([Errno -2] Name or service not known)"))
2026-02-08 20:10:31,148 - ERROR - Scraping error for https://www.creativebc.ca/funding/: HTTPSConnectionPool(host='www.creativebc.ca', port=443): Max retries exceeded with url: /funding/ (Caused by SSLError(SSLCertVerificationError(1, '[SSL: CERTIFICATE_VERIFY_FAILED] certificate verify failed: self-signed certificate (_ssl.c:1000)')))
2026-02-08 20:10:32,903 - ERROR - Error processing feed https://www PlaybackOnline.com/feed/: URL can't contain control characters. 'www PlaybackOnline.com' (found at least ' ')
2026-02-08 20:10:33,064 - INFO - Found 15 new opportunities
2026-02-08 20:10:33,069 - INFO - Notification sent: Film Funding Opportunities
2026-02-08 20:10:33,106 - INFO - Sent daily digest with 10 opportunities
2026-02-08 20:10:33,106 - INFO - Daily scan completed
2026-02-08 20:10:33,107 - INFO - Scheduler started. Running daily at 9:00 AM
2026-02-08 20:47:49,167 - INFO - Starting daily funding scan
2026-02-08 20:48:04,979 - INFO - Running opencode AI research...
2026-02-08 20:49:25,398 - INFO - AI research (investor): found 0 leads
2026-02-08 20:49:27,476 - INFO - Running opencode AI research...
2026-02-08 20:53:09,734 - INFO - AI research (grant): found 0 leads
2026-02-08 20:53:11,876 - INFO - Running opencode AI research...
2026-02-08 20:55:51,079 - INFO - AI research (networking): found 0 leads
2026-02-08 20:55:53,279 - INFO - Found 53 suitable, 43 new
2026-02-08 20:55:53,384 - INFO - ntfy sent: Film Funding Opportunities
2026-02-08 20:55:53,385 - INFO - Notification sent: Film Funding Opportunities
2026-02-08 20:55:53,442 - INFO - Sent digest with 15 opportunities
2026-02-08 20:55:53,442 - INFO - Daily scan completed
2026-02-08 20:56:50,468 - INFO - Starting daily funding scan
2026-02-08 20:56:59,470 - INFO - Running opencode AI research...
2026-02-08 21:01:05,088 - WARNING - Could not parse JSON from opencode output
2026-02-08 21:01:05,088 - INFO - AI research (investor): found 1 leads
2026-02-08 21:01:07,247 - INFO - Running opencode AI research...
2026-02-08 21:04:49,888 - WARNING - Could not parse JSON from opencode output
2026-02-08 21:04:49,888 - INFO - AI research (grant): found 1 leads
2026-02-08 21:04:52,009 - INFO - Running opencode AI research...
2026-02-08 21:06:58,381 - WARNING - Could not parse JSON from opencode output
2026-02-08 21:06:58,381 - INFO - AI research (networking): found 1 leads
2026-02-08 21:07:00,530 - INFO - Found 56 suitable, 3 new
2026-02-08 21:07:00,621 - INFO - ntfy sent: Film Funding Opportunities
2026-02-08 21:07:00,622 - INFO - Notification sent: Film Funding Opportunities
2026-02-08 21:07:00,695 - INFO - Sent digest with 15 opportunities
2026-02-08 21:07:00,695 - INFO - Daily scan completed
2026-02-08 21:07:58,885 - INFO - Starting daily funding scan
2026-02-08 21:08:07,720 - INFO - Running opencode AI research...
2026-02-08 21:11:03,532 - WARNING - Could not parse JSON from opencode output
2026-02-08 21:11:03,532 - INFO - AI research (investor): found 1 leads
2026-02-08 21:11:05,608 - INFO - Running opencode AI research...
2026-02-08 21:12:44,261 - WARNING - Could not parse JSON from opencode output
2026-02-08 21:12:44,262 - INFO - AI research (grant): found 1 leads
2026-02-08 21:12:46,355 - INFO - Running opencode AI research...
2026-02-08 21:13:15,378 - WARNING - Could not parse JSON from opencode output
2026-02-08 21:13:15,378 - INFO - AI research (networking): found 1 leads
2026-02-08 21:13:17,542 - INFO - Found 15 suitable, 15 new
2026-02-08 21:13:17,631 - INFO - ntfy sent: Film Funding Opportunities
2026-02-08 21:13:17,632 - INFO - Notification sent: Film Funding Opportunities
2026-02-08 21:13:17,770 - INFO - Sent digest with 15 opportunities
2026-02-08 21:13:17,771 - INFO - Daily scan completed
2026-02-08 21:14:40,152 - INFO - Starting daily funding scan
2026-02-08 21:14:50,753 - INFO - Running opencode AI research...
2026-02-08 21:16:36,670 - INFO - AI research (investor): found 10 leads
2026-02-08 21:16:38,848 - INFO - Running opencode AI research...
2026-02-08 21:21:38,900 - ERROR - opencode timed out after 5 minutes
2026-02-08 21:21:40,900 - INFO - Running opencode AI research...
2026-02-08 21:25:06,791 - INFO - AI research (networking): found 10 leads
2026-02-08 21:25:09,032 - INFO - Found 32 suitable, 31 new
2026-02-08 21:25:09,128 - INFO - ntfy sent: Film Funding Opportunities
2026-02-08 21:25:09,129 - INFO - Notification sent: Film Funding Opportunities
2026-02-08 21:25:09,273 - INFO - Sent digest with 15 opportunities
2026-02-08 21:25:09,274 - INFO - Daily scan completed
2026-02-09 09:00:02,137 - INFO - Starting daily funding scan
2026-02-09 09:00:17,484 - INFO - Running opencode AI research...
2026-02-09 09:04:19,359 - INFO - AI research (investor): found 10 leads
2026-02-09 09:04:21,524 - INFO - Running opencode AI research...
2026-02-09 09:07:29,459 - INFO - AI research (grant): found 10 leads
2026-02-09 09:07:31,541 - INFO - Running opencode AI research...
2026-02-09 09:12:31,570 - ERROR - opencode timed out after 5 minutes
2026-02-09 09:12:33,674 - INFO - Found 32 suitable, 17 new
2026-02-09 09:12:33,772 - INFO - ntfy sent: Film Funding Opportunities
2026-02-09 09:12:33,772 - INFO - Notification sent: Film Funding Opportunities
2026-02-09 09:12:33,844 - INFO - Sent digest with 15 opportunities
2026-02-09 09:12:33,844 - INFO - Daily scan completed
2026-02-10 09:00:01,457 - INFO - Starting daily funding scan
2026-02-10 09:00:13,648 - INFO - Running opencode AI research...
2026-02-10 09:01:54,988 - INFO - AI research (investor): found 8 leads
2026-02-10 09:01:57,159 - INFO - Running opencode AI research...
2026-02-10 09:03:52,578 - INFO - AI research (grant): found 7 leads
2026-02-10 09:03:54,871 - INFO - Running opencode AI research...
2026-02-10 09:05:57,829 - INFO - AI research (networking): found 10 leads
2026-02-10 09:06:00,166 - INFO - Found 36 suitable, 11 new
2026-02-10 09:06:00,411 - INFO - ntfy sent: Film Funding Opportunities
2026-02-10 09:06:00,412 - INFO - Notification sent: Film Funding Opportunities
2026-02-10 09:06:00,495 - INFO - Sent digest with 15 opportunities
2026-02-10 09:06:00,496 - INFO - Daily scan completed
2026-02-11 09:00:02,115 - INFO - Starting daily funding scan
2026-02-11 09:00:14,168 - INFO - Running opencode AI research...
2026-02-11 09:03:03,783 - INFO - AI research (investor): found 10 leads
2026-02-11 09:03:05,902 - INFO - Running opencode AI research...
2026-02-11 09:06:58,443 - INFO - AI research (grant): found 5 leads
2026-02-11 09:07:00,747 - INFO - Running opencode AI research...
2026-02-11 09:11:00,321 - INFO - AI research (networking): found 12 leads
2026-02-11 09:11:02,604 - INFO - Found 38 suitable, 18 new
2026-02-11 09:11:02,755 - INFO - ntfy sent: Film Funding Opportunities
2026-02-11 09:11:02,756 - INFO - Notification sent: Film Funding Opportunities
2026-02-11 09:11:02,860 - INFO - Sent digest with 15 opportunities
2026-02-11 09:11:02,860 - INFO - Daily scan completed
2026-02-12 09:00:01,477 - INFO - Starting daily funding scan
2026-02-12 09:00:14,862 - INFO - Running opencode AI research...
2026-02-12 09:04:03,992 - INFO - AI research (investor): found 10 leads
2026-02-12 09:04:06,172 - INFO - Running opencode AI research...
2026-02-12 09:07:06,075 - INFO - AI research (grant): found 9 leads
2026-02-12 09:07:08,209 - INFO - Running opencode AI research...
2026-02-12 09:08:45,623 - INFO - AI research (networking): found 12 leads
2026-02-12 09:08:47,764 - INFO - Found 43 suitable, 17 new
2026-02-12 09:08:47,883 - INFO - ntfy sent: Film Funding Opportunities
2026-02-12 09:08:47,884 - INFO - Notification sent: Film Funding Opportunities
2026-02-12 09:08:48,050 - INFO - Sent digest with 15 opportunities
2026-02-12 09:08:48,050 - INFO - Daily scan completed
2026-02-13 09:00:01,664 - INFO - Starting daily funding scan
2026-02-13 09:00:17,897 - ERROR - Scraping error for https://www.canadacouncil.ca/funding/grants: HTTPSConnectionPool(host='www.canadacouncil.ca', port=443): Read timed out. (read timeout=10)
2026-02-13 09:00:20,879 - INFO - Running opencode AI research...
2026-02-13 09:03:35,411 - INFO - AI research (investor): found 10 leads
2026-02-13 09:03:37,538 - INFO - Running opencode AI research...
2026-02-13 09:05:46,599 - INFO - AI research (grant): found 15 leads
2026-02-13 09:05:48,795 - INFO - Running opencode AI research...
2026-02-13 09:09:16,116 - INFO - AI research (networking): found 20 leads
2026-02-13 09:09:18,350 - INFO - Found 55 suitable, 34 new
2026-02-13 09:09:18,448 - INFO - ntfy sent: Film Funding Opportunities
2026-02-13 09:09:18,449 - INFO - Notification sent: Film Funding Opportunities
2026-02-13 09:09:18,514 - INFO - Sent digest with 15 opportunities
2026-02-13 09:09:18,515 - INFO - Daily scan completed
2026-02-14 09:00:02,528 - INFO - Starting daily funding scan
2026-02-14 09:00:12,239 - INFO - Running opencode AI research...
2026-02-14 09:03:22,809 - INFO - AI research (investor): found 10 leads
2026-02-14 09:03:25,029 - INFO - Running opencode AI research...
2026-02-14 09:05:08,172 - INFO - AI research (grant): found 1 leads
2026-02-14 09:05:10,267 - INFO - Running opencode AI research...
2026-02-14 09:07:39,809 - INFO - AI research (networking): found 19 leads
2026-02-14 09:07:42,136 - INFO - Found 44 suitable, 12 new
2026-02-14 09:07:42,236 - INFO - ntfy sent: Film Funding Opportunities
2026-02-14 09:07:42,237 - INFO - Notification sent: Film Funding Opportunities
2026-02-14 09:07:42,340 - INFO - Sent digest with 15 opportunities
2026-02-14 09:07:42,341 - INFO - Daily scan completed
2026-02-15 09:00:03,073 - INFO - Starting daily funding scan
2026-02-15 09:00:16,121 - INFO - Running opencode AI research...
2026-02-15 09:04:33,523 - INFO - AI research (investor): found 12 leads
2026-02-15 09:04:35,666 - INFO - Running opencode AI research...
2026-02-15 09:09:02,395 - INFO - AI research (grant): found 26 leads
2026-02-15 09:09:04,482 - INFO - Running opencode AI research...
2026-02-15 09:12:19,798 - INFO - AI research (networking): found 24 leads
2026-02-15 09:12:21,965 - INFO - Found 77 suitable, 30 new
2026-02-15 09:12:22,123 - INFO - ntfy sent: Film Funding Opportunities
2026-02-15 09:12:22,124 - INFO - Notification sent: Film Funding Opportunities
2026-02-15 09:12:22,191 - INFO - Sent digest with 15 opportunities
2026-02-15 09:12:22,191 - INFO - Daily scan completed
2026-02-16 09:00:04,196 - INFO - Starting daily funding scan
2026-02-16 09:00:18,784 - INFO - Running opencode AI research...
2026-02-16 09:02:31,874 - INFO - AI research (investor): found 15 leads
2026-02-16 09:02:34,074 - INFO - Running opencode AI research...
2026-02-16 09:06:30,895 - INFO - AI research (grant): found 18 leads
2026-02-16 09:06:32,983 - INFO - Running opencode AI research...
2026-02-16 09:08:31,603 - INFO - AI research (networking): found 20 leads
2026-02-16 09:08:33,926 - INFO - Found 66 suitable, 23 new
2026-02-16 09:08:34,060 - INFO - ntfy sent: Film Funding Opportunities
2026-02-16 09:08:34,061 - INFO - Notification sent: Film Funding Opportunities
2026-02-16 09:08:34,182 - INFO - Sent digest with 15 opportunities
2026-02-16 09:08:34,182 - INFO - Daily scan completed
2026-02-17 09:00:02,321 - INFO - Starting daily funding scan
2026-02-17 09:00:17,279 - INFO - Running opencode AI research...
2026-02-17 09:04:45,365 - INFO - AI research (investor): found 10 leads
2026-02-17 09:04:47,569 - INFO - Running opencode AI research...
2026-02-17 09:07:33,997 - INFO - AI research (grant): found 20 leads
2026-02-17 09:07:36,094 - INFO - Running opencode AI research...
2026-02-17 09:09:53,801 - INFO - AI research (networking): found 22 leads
2026-02-17 09:09:56,113 - INFO - Found 64 suitable, 13 new
2026-02-17 09:09:56,207 - INFO - ntfy sent: Film Funding Opportunities
2026-02-17 09:09:56,208 - INFO - Notification sent: Film Funding Opportunities
2026-02-17 09:09:56,253 - INFO - Sent digest with 15 opportunities
2026-02-17 09:09:56,253 - INFO - Daily scan completed
2026-02-18 09:00:01,946 - INFO - Starting daily funding scan
2026-02-18 09:00:20,113 - INFO - Running opencode AI research...
2026-02-18 09:03:06,320 - INFO - AI research (investor): found 14 leads
2026-02-18 09:03:08,454 - INFO - Running opencode AI research...
2026-02-18 09:06:14,393 - INFO - AI research (grant): found 15 leads
2026-02-18 09:06:16,463 - INFO - Running opencode AI research...
2026-02-18 09:09:16,672 - INFO - AI research (networking): found 18 leads
2026-02-18 09:09:18,838 - INFO - Found 59 suitable, 15 new
2026-02-18 09:09:18,927 - INFO - ntfy sent: Film Funding Opportunities
2026-02-18 09:09:18,928 - INFO - Notification sent: Film Funding Opportunities
2026-02-18 09:09:19,061 - INFO - Sent digest with 15 opportunities
2026-02-18 09:09:19,062 - INFO - Daily scan completed
2026-02-19 09:00:01,699 - INFO - Starting daily funding scan
2026-02-19 09:00:17,753 - INFO - Running opencode AI research...
2026-02-19 09:04:05,663 - INFO - AI research (investor): found 16 leads
2026-02-19 09:04:07,802 - INFO - Running opencode AI research...
2026-02-19 09:06:32,519 - INFO - AI research (grant): found 13 leads
2026-02-19 09:06:34,628 - INFO - Running opencode AI research...
2026-02-19 09:10:11,931 - INFO - AI research (networking): found 18 leads
2026-02-19 09:10:14,087 - INFO - Found 60 suitable, 19 new
2026-02-19 09:10:14,172 - INFO - ntfy sent: Film Funding Opportunities
2026-02-19 09:10:14,172 - INFO - Notification sent: Film Funding Opportunities
2026-02-19 09:10:14,235 - INFO - Sent digest with 15 opportunities
2026-02-19 09:10:14,236 - INFO - Daily scan completed
2026-02-20 09:00:01,873 - INFO - Starting daily funding scan
2026-02-20 09:00:15,861 - INFO - Running opencode AI research...
2026-02-20 09:05:01,432 - INFO - AI research (investor): found 15 leads
2026-02-20 09:05:03,569 - INFO - Running opencode AI research...
2026-02-20 09:08:42,892 - INFO - AI research (grant): found 15 leads
2026-02-20 09:08:45,027 - INFO - Running opencode AI research...
2026-02-20 09:12:07,197 - INFO - AI research (networking): found 19 leads
2026-02-20 09:12:09,363 - INFO - Found 60 suitable, 7 new
2026-02-20 09:12:09,461 - INFO - ntfy sent: Film Funding Opportunities
2026-02-20 09:12:09,462 - INFO - Notification sent: Film Funding Opportunities
2026-02-20 09:12:09,588 - INFO - Sent digest with 15 opportunities
2026-02-20 09:12:09,589 - INFO - Daily scan completed
2026-02-21 00:10:41,791 - INFO - Starting daily funding scan
2026-02-21 00:10:50,004 - INFO - Running opencode AI research...
2026-02-21 00:12:22,887 - INFO - Starting daily funding scan
2026-02-21 00:12:30,356 - INFO - Running opencode AI research...
2026-02-21 00:17:22,715 - INFO - Starting daily funding scan
2026-02-21 00:17:30,490 - INFO - Running opencode AI research...
2026-02-21 00:19:02,059 - INFO - AI research (investor): found 4 leads
2026-02-21 00:19:04,213 - INFO - Running opencode AI research...
2026-02-21 00:21:30,675 - INFO - AI research (grant): found 1 leads
2026-02-21 00:21:32,789 - INFO - Running opencode AI research...
2026-02-21 00:23:16,683 - INFO - AI research (networking): found 15 leads
2026-02-21 00:23:18,792 - INFO - Running opencode AI research...
2026-02-21 00:24:23,950 - INFO - Starting daily funding scan
2026-02-21 00:24:31,906 - INFO - Running opencode AI research...
2026-02-21 00:26:36,873 - INFO - AI research (investor): found 5 leads
2026-02-21 00:26:39,036 - INFO - Running opencode AI research...
2026-02-21 00:28:55,470 - INFO - AI research (grant): found 12 leads
2026-02-21 00:28:57,562 - INFO - Running opencode AI research...
2026-02-21 00:32:36,200 - INFO - AI research (networking): found 17 leads
2026-02-21 00:32:38,318 - INFO - Running opencode AI research...
2026-02-21 00:33:31,958 - INFO - Found 47 suitable, 13 new
2026-02-21 00:33:48,816 - INFO - Starting daily funding scan
2026-02-21 00:34:01,129 - INFO - Running opencode AI research...
2026-02-21 00:35:53,388 - INFO - AI research (investor): found 6 leads
2026-02-21 00:35:55,541 - INFO - Running opencode AI research...
2026-02-21 00:38:30,653 - INFO - AI research (grant): found 12 leads
2026-02-21 00:38:32,804 - INFO - Running opencode AI research...
2026-02-21 00:41:49,590 - INFO - AI research (networking): found 20 leads
2026-02-21 00:41:51,694 - INFO - Running opencode AI research...
2026-02-21 00:42:37,415 - INFO - Found 51 suitable, 11 new
2026-02-21 00:42:37,417 - INFO - Running opencode AI research...
2026-02-21 00:43:35,224 - INFO - Starting daily funding scan
2026-02-21 00:43:45,578 - INFO - Running opencode AI research...
2026-02-21 00:47:08,477 - INFO - AI research (investor): found 8 leads
2026-02-21 00:47:10,620 - INFO - Running opencode AI research...
2026-02-21 00:50:14,098 - INFO - AI research (grant): found 12 leads
2026-02-21 00:50:16,330 - INFO - Running opencode AI research...
2026-02-21 00:58:44,621 - INFO - Starting daily funding scan
2026-02-21 00:58:55,252 - INFO - Running opencode AI research...
2026-02-21 01:01:51,224 - INFO - AI research (investor): found 8 leads
2026-02-21 01:01:53,351 - INFO - Running opencode AI research...
2026-02-21 01:04:28,346 - INFO - AI research (grant): found 10 leads
2026-02-21 01:04:30,479 - INFO - Running opencode AI research...
2026-02-21 01:07:32,977 - INFO - AI research (networking): found 20 leads
2026-02-21 01:07:35,118 - INFO - Running opencode AI research...
2026-02-21 01:08:41,916 - INFO - Found 50 suitable, 11 new
2026-02-21 01:08:41,917 - INFO - Running opencode AI research...
2026-02-21 08:30:19,945 - INFO - Starting daily funding scan
2026-02-21 08:30:31,389 - INFO - Running opencode AI research...
2026-02-21 08:34:05,987 - INFO - AI research (investor): found 5 leads
2026-02-21 08:34:08,104 - INFO - Running opencode AI research...
2026-02-21 08:36:09,456 - INFO - AI research (grant): found 10 leads
2026-02-21 08:36:11,607 - INFO - Running opencode AI research...
2026-02-21 08:39:52,147 - INFO - AI research (networking): found 26 leads
2026-02-21 08:39:54,255 - INFO - Running opencode AI research...
2026-02-21 08:40:42,460 - INFO - Starting daily funding scan
2026-02-21 08:40:55,207 - INFO - Running opencode AI research...
2026-02-21 08:41:43,034 - INFO - AI research (investor): found 1 leads
2026-02-21 08:41:45,136 - INFO - Running opencode AI research...
2026-02-21 08:43:08,299 - INFO - AI research (grant): found 15 leads
2026-02-21 08:43:10,412 - INFO - Running opencode AI research...
2026-02-21 08:45:27,207 - INFO - AI research (networking): found 16 leads
2026-02-21 08:45:29,418 - INFO - Found 45 suitable, 26 new
2026-02-21 08:45:29,508 - INFO - ntfy sent: Film Funding Opportunities
2026-02-21 08:45:29,509 - INFO - Notification sent: Film Funding Opportunities
2026-02-21 08:45:29,641 - INFO - Sent digest with 15 opportunities
2026-02-21 08:45:29,642 - INFO - Daily scan completed
2026-02-21 09:00:02,235 - INFO - Starting daily funding scan
2026-02-21 09:00:13,125 - INFO - Running opencode AI research...
2026-02-21 09:01:03,553 - INFO - AI research (investor): found 1 leads
2026-02-21 09:01:05,972 - INFO - Running opencode AI research...
2026-02-21 09:03:24,260 - INFO - AI research (grant): found 10 leads
2026-02-21 09:03:26,343 - INFO - Running opencode AI research...
2026-02-21 09:08:26,372 - ERROR - opencode timed out after 5 minutes
2026-02-21 09:08:28,441 - INFO - Found 24 suitable, 8 new
2026-02-21 09:08:28,532 - INFO - ntfy sent: Film Funding Opportunities
2026-02-21 09:08:28,532 - INFO - Notification sent: Film Funding Opportunities
2026-02-21 09:08:28,639 - INFO - Sent digest with 15 opportunities
2026-02-21 09:08:28,640 - INFO - Daily scan completed
2026-02-22 09:00:01,353 - INFO - Starting daily funding scan
2026-02-22 09:00:10,337 - INFO - Running opencode AI research...
2026-02-22 09:05:10,367 - ERROR - opencode timed out after 5 minutes
2026-02-22 09:05:12,367 - INFO - Running opencode AI research...
2026-02-22 09:08:59,270 - INFO - AI research (grant): found 15 leads
2026-02-22 09:09:01,398 - INFO - Running opencode AI research...
2026-02-22 09:12:52,036 - INFO - AI research (networking): found 20 leads
2026-02-22 09:12:54,193 - INFO - Found 46 suitable, 13 new
2026-02-22 09:12:54,280 - INFO - ntfy sent: Film Funding Opportunities
2026-02-22 09:12:54,281 - INFO - Notification sent: Film Funding Opportunities
2026-02-22 09:12:54,403 - INFO - Sent digest with 15 opportunities
2026-02-22 09:12:54,403 - INFO - Daily scan completed
2026-02-22 13:16:00,100 - INFO - Starting daily funding scan
2026-02-22 13:16:20,277 - INFO - Running opencode AI research...
2026-02-22 13:19:40,249 - INFO - AI research (production_company): found 20 leads
2026-02-22 13:19:42,387 - INFO - Running opencode AI research...
2026-02-22 13:21:17,003 - INFO - AI research (grant): found 10 leads
2026-02-22 13:21:19,230 - INFO - Running opencode AI research...
2026-02-22 13:23:52,887 - INFO - AI research (networking): found 14 leads
2026-02-22 13:23:55,431 - INFO - Found 112 suitable, 76 new
2026-02-22 13:23:55,531 - INFO - ntfy sent: Film Funding Opportunities
2026-02-22 13:23:55,532 - INFO - Notification sent: Film Funding Opportunities
2026-02-22 13:23:55,589 - INFO - Sent digest with 15 opportunities
2026-02-22 13:23:55,589 - INFO - Daily scan completed
2026-02-22 15:40:49,363 - INFO - Starting daily funding scan
2026-02-22 15:40:49,364 - INFO - Running opencode AI research...
2026-02-22 15:44:16,109 - INFO - AI research (production_company): found 24 leads
2026-02-22 15:44:18,315 - INFO - Running opencode AI research...
2026-02-22 15:47:01,252 - INFO - AI research (grant): found 10 leads
2026-02-22 15:47:03,424 - INFO - Running opencode AI research...
2026-02-22 15:48:46,298 - INFO - AI research (networking): found 10 leads
2026-02-22 15:48:48,476 - INFO - Found 43 suitable, 12 new
2026-02-22 15:48:48,573 - INFO - ntfy sent: Film Funding Opportunities
2026-02-22 15:48:48,574 - INFO - Notification sent: Film Funding Opportunities
2026-02-22 15:48:48,678 - INFO - Sent digest with 15 opportunities
2026-02-22 15:48:48,679 - INFO - Daily scan completed
2026-02-22 15:50:00,468 - INFO - Starting daily funding scan
2026-02-22 15:50:00,468 - INFO - Running opencode AI research...
2026-02-22 15:51:33,263 - INFO - AI research (fund): found 7 leads
2026-02-22 15:51:35,436 - INFO - Running opencode AI research...
2026-02-22 15:53:24,840 - INFO - AI research (grant): found 9 leads
2026-02-22 15:53:27,028 - INFO - Running opencode AI research...
2026-02-22 15:56:55,585 - INFO - AI research (competition): found 10 leads
2026-02-22 15:56:57,820 - INFO - Found 25 suitable, 8 new
2026-02-22 15:56:57,905 - INFO - ntfy sent: Film Funding Opportunities
2026-02-22 15:56:57,906 - INFO - Notification sent: Film Funding Opportunities
2026-02-22 15:56:57,966 - INFO - Sent digest with 15 opportunities
2026-02-22 15:56:57,966 - INFO - Daily scan completed
2026-02-22 15:57:31,851 - INFO - Starting daily funding scan
2026-02-22 15:57:31,851 - INFO - Running opencode AI research...
2026-02-22 15:58:42,483 - INFO - AI research (fund): found 8 leads
2026-02-22 15:58:44,632 - INFO - Running opencode AI research...
2026-02-22 16:00:28,779 - INFO - AI research (grant): found 6 leads
2026-02-22 16:00:30,984 - INFO - Running opencode AI research...
2026-02-22 16:03:37,765 - INFO - AI research (competition): found 8 leads
2026-02-22 16:03:39,991 - INFO - Found 20 suitable, 4 new
2026-02-22 16:03:40,099 - INFO - ntfy sent: Film Funding Opportunities
2026-02-22 16:03:40,100 - INFO - Notification sent: Film Funding Opportunities
2026-02-22 16:03:40,166 - INFO - Sent digest with 15 opportunities
2026-02-22 16:03:40,166 - INFO - Daily scan completed
2026-02-23 09:00:02,045 - INFO - Starting daily funding scan
2026-02-23 09:00:02,045 - INFO - Running opencode AI research...
2026-02-23 09:01:52,472 - INFO - AI research (fund): found 8 leads
2026-02-23 09:01:54,675 - INFO - Running opencode AI research...
2026-02-23 09:06:12,853 - INFO - AI research (grant): found 10 leads
2026-02-23 09:06:14,992 - INFO - Running opencode AI research...
2026-02-23 09:11:15,026 - ERROR - opencode timed out after 5 minutes
2026-02-23 09:11:17,109 - INFO - Found 16 suitable, 4 new
2026-02-23 09:11:17,198 - INFO - ntfy sent: Film Funding Opportunities
2026-02-23 09:11:17,199 - INFO - Notification sent: Film Funding Opportunities
2026-02-23 09:11:17,336 - INFO - Sent digest with 15 opportunities
2026-02-23 09:11:17,337 - INFO - Daily scan completed
2026-02-24 09:00:01,977 - INFO - Starting daily funding scan
2026-02-24 09:00:01,978 - INFO - Running opencode AI research...
2026-02-24 09:03:05,182 - INFO - AI research (fund): found 10 leads
2026-02-24 09:03:07,303 - INFO - Running opencode AI research...
2026-02-24 09:08:07,330 - ERROR - opencode timed out after 5 minutes
2026-02-24 09:08:09,330 - INFO - Running opencode AI research...
2026-02-24 09:11:56,646 - INFO - AI research (competition): found 5 leads
2026-02-24 09:11:58,924 - INFO - Found 15 suitable, 3 new
2026-02-24 09:11:59,015 - INFO - ntfy sent: Film Funding Opportunities
2026-02-24 09:11:59,017 - INFO - Notification sent: Film Funding Opportunities
2026-02-24 09:11:59,132 - INFO - Sent digest with 15 opportunities
2026-02-24 09:11:59,133 - INFO - Daily scan completed
