[2026-02-08 20:37:47] Verification test
[2026-02-08 20:47:49] === Daily scan started ===
[2026-02-08 20:47:57] Web scraping: 52 raw opportunities
[2026-02-08 20:48:04] News feeds: 1 raw opportunities
[2026-02-08 20:55:53] AI research: 0 raw opportunities
[2026-02-08 20:55:53] Filtered: 53 suitable, 43 new to database
[2026-02-08 20:55:53] Sent digest: 15 opportunities
[2026-02-08 20:55:53] === Daily scan complete ===

[2026-02-08 20:56:50] === Daily scan started ===
[2026-02-08 20:56:56] Web scraping: 52 raw opportunities
[2026-02-08 20:56:59] News feeds: 1 raw opportunities
[2026-02-08 21:07:00] AI research: 3 raw opportunities
[2026-02-08 21:07:00] Filtered: 56 suitable, 3 new to database
[2026-02-08 21:07:00] Sent digest: 15 opportunities
[2026-02-08 21:07:00] === Daily scan complete ===

[2026-02-08 21:07:58] === Daily scan started ===
[2026-02-08 21:08:05] Web scraping: 11 raw opportunities
[2026-02-08 21:08:07] News feeds: 1 raw opportunities
[2026-02-08 21:13:17] AI research: 3 raw opportunities
[2026-02-08 21:13:17] Filtered: 15 suitable, 15 new to database
[2026-02-08 21:13:17] Sent digest: 15 opportunities
[2026-02-08 21:13:17] === Daily scan complete ===

[2026-02-08 21:14:40] === Daily scan started ===
[2026-02-08 21:14:46] Web scraping: 11 raw opportunities
[2026-02-08 21:14:50] News feeds: 1 raw opportunities
[2026-02-08 21:25:08] AI research: 20 raw opportunities
[2026-02-08 21:25:09] Filtered: 32 suitable, 31 new to database
[2026-02-08 21:25:09] Sent digest: 15 opportunities
[2026-02-08 21:25:09] === Daily scan complete ===

[2026-02-09 09:00:02] === Daily scan started ===
[2026-02-09 09:00:09] Web scraping: 11 raw opportunities
[2026-02-09 09:00:17] News feeds: 1 raw opportunities
[2026-02-09 09:12:33] AI research: 20 raw opportunities
[2026-02-09 09:12:33] Filtered: 32 suitable, 17 new to database
[2026-02-09 09:12:33] Sent digest: 15 opportunities
[2026-02-09 09:12:33] === Daily scan complete ===

[2026-02-10 09:00:01] === Daily scan started ===
[2026-02-10 09:00:08] Web scraping: 11 raw opportunities
[2026-02-10 09:00:13] News feeds: 1 raw opportunities
[2026-02-10 09:05:59] AI research: 25 raw opportunities
[2026-02-10 09:06:00] Filtered: 36 suitable, 11 new to database
[2026-02-10 09:06:00] Sent digest: 15 opportunities
[2026-02-10 09:06:00] === Daily scan complete ===

[2026-02-11 09:00:02] === Daily scan started ===
[2026-02-11 09:00:09] Web scraping: 11 raw opportunities
[2026-02-11 09:00:14] News feeds: 2 raw opportunities
[2026-02-11 09:11:02] AI research: 27 raw opportunities
[2026-02-11 09:11:02] Filtered: 38 suitable, 18 new to database
[2026-02-11 09:11:02] Sent digest: 15 opportunities
[2026-02-11 09:11:02] === Daily scan complete ===

[2026-02-12 09:00:01] === Daily scan started ===
[2026-02-12 09:00:09] Web scraping: 11 raw opportunities
[2026-02-12 09:00:14] News feeds: 1 raw opportunities
[2026-02-12 09:08:47] AI research: 31 raw opportunities
[2026-02-12 09:08:47] Filtered: 43 suitable, 17 new to database
[2026-02-12 09:08:48] Sent digest: 15 opportunities
[2026-02-12 09:08:48] === Daily scan complete ===

[2026-02-13 09:00:01] === Daily scan started ===
[2026-02-13 09:00:18] Web scraping: 8 raw opportunities
[2026-02-13 09:00:20] News feeds: 2 raw opportunities
[2026-02-13 09:09:18] AI research: 45 raw opportunities
[2026-02-13 09:09:18] Filtered: 55 suitable, 34 new to database
[2026-02-13 09:09:18] Sent digest: 15 opportunities
[2026-02-13 09:09:18] === Daily scan complete ===

[2026-02-14 09:00:02] === Daily scan started ===
[2026-02-14 09:00:09] Web scraping: 11 raw opportunities
[2026-02-14 09:00:12] News feeds: 3 raw opportunities
[2026-02-14 09:07:41] AI research: 30 raw opportunities
[2026-02-14 09:07:42] Filtered: 44 suitable, 12 new to database
[2026-02-14 09:07:42] Sent digest: 15 opportunities
[2026-02-14 09:07:42] === Daily scan complete ===

[2026-02-15 09:00:03] === Daily scan started ===
[2026-02-15 09:00:10] Web scraping: 11 raw opportunities
[2026-02-15 09:00:16] News feeds: 4 raw opportunities
[2026-02-15 09:12:21] AI research: 62 raw opportunities
[2026-02-15 09:12:21] Filtered: 77 suitable, 30 new to database
[2026-02-15 09:12:22] Sent digest: 15 opportunities
[2026-02-15 09:12:22] === Daily scan complete ===

[2026-02-16 09:00:04] === Daily scan started ===
[2026-02-16 09:00:12] Web scraping: 11 raw opportunities
[2026-02-16 09:00:18] News feeds: 2 raw opportunities
[2026-02-16 09:08:33] AI research: 53 raw opportunities
[2026-02-16 09:08:33] Filtered: 66 suitable, 23 new to database
[2026-02-16 09:08:34] Sent digest: 15 opportunities
[2026-02-16 09:08:34] === Daily scan complete ===

[2026-02-17 09:00:02] === Daily scan started ===
[2026-02-17 09:00:09] Web scraping: 11 raw opportunities
[2026-02-17 09:00:17] News feeds: 1 raw opportunities
[2026-02-17 09:09:55] AI research: 52 raw opportunities
[2026-02-17 09:09:56] Filtered: 64 suitable, 13 new to database
[2026-02-17 09:09:56] Sent digest: 15 opportunities
[2026-02-17 09:09:56] === Daily scan complete ===

[2026-02-18 09:00:01] === Daily scan started ===
[2026-02-18 09:00:09] Web scraping: 11 raw opportunities
[2026-02-18 09:00:20] News feeds: 1 raw opportunities
[2026-02-18 09:09:18] AI research: 47 raw opportunities
[2026-02-18 09:09:18] Filtered: 59 suitable, 15 new to database
[2026-02-18 09:09:19] Sent digest: 15 opportunities
[2026-02-18 09:09:19] === Daily scan complete ===

[2026-02-19 09:00:01] === Daily scan started ===
[2026-02-19 09:00:09] Web scraping: 11 raw opportunities
[2026-02-19 09:00:17] News feeds: 2 raw opportunities
[2026-02-19 09:10:14] AI research: 47 raw opportunities
[2026-02-19 09:10:14] Filtered: 60 suitable, 19 new to database
[2026-02-19 09:10:14] Sent digest: 15 opportunities
[2026-02-19 09:10:14] === Daily scan complete ===

[2026-02-20 09:00:01] === Daily scan started ===
[2026-02-20 09:00:09] Web scraping: 11 raw opportunities
[2026-02-20 09:00:15] News feeds: 1 raw opportunities
[2026-02-20 09:12:09] AI research: 49 raw opportunities
[2026-02-20 09:12:09] Filtered: 60 suitable, 7 new to database
[2026-02-20 09:12:09] Sent digest: 15 opportunities
[2026-02-20 09:12:09] === Daily scan complete ===

[2026-02-21 00:10:41] === Daily scan started ===
[2026-02-21 00:10:48] Web scraping: 11 raw opportunities
[2026-02-21 00:10:50] News feeds: 2 raw opportunities
[2026-02-21 00:12:22] === Daily scan started ===
[2026-02-21 00:12:29] Web scraping: 11 raw opportunities
[2026-02-21 00:12:30] News feeds: 2 raw opportunities
[2026-02-21 00:17:22] === Daily scan started ===
[2026-02-21 00:17:29] Web scraping: 11 raw opportunities
[2026-02-21 00:17:30] News feeds: 2 raw opportunities
[2026-02-21 00:23:18] AI research: 20 raw opportunities
[2026-02-21 00:23:18] After dedup: 33 opportunities
[2026-02-21 00:24:03] AI prioritized: top 3 are ['We Finance and Support', 'Indigenous Funding', 'International programs']
[2026-02-21 00:24:23] === Daily scan started ===
[2026-02-21 00:24:30] Web scraping: 11 raw opportunities
[2026-02-21 00:24:31] News feeds: 2 raw opportunities
[2026-02-21 00:32:38] AI research: 34 raw opportunities
[2026-02-21 00:32:38] After dedup: 47 opportunities
[2026-02-21 00:33:31] AI prioritized: top 3 are ['We Finance and Support', 'Indigenous Funding', 'International programs']
[2026-02-21 00:33:31] Filtered: 47 suitable, 13 new to database
[2026-02-21 00:33:48] === Daily scan started ===
[2026-02-21 00:33:55] Web scraping: 11 raw opportunities
[2026-02-21 00:34:01] News feeds: 2 raw opportunities
[2026-02-21 00:41:51] AI research: 38 raw opportunities
[2026-02-21 00:41:51] After dedup: 51 opportunities
[2026-02-21 00:42:37] AI prioritized: top 3 are ['We Finance and Support', 'Indigenous Funding', 'International programs']
[2026-02-21 00:42:37] Filtered: 51 suitable, 11 new to database
[2026-02-21 00:42:56] Verification: 15/15 opportunities passed AI check
[2026-02-21 00:43:35] === Daily scan started ===
[2026-02-21 00:43:41] Web scraping: 11 raw opportunities
[2026-02-21 00:43:45] News feeds: 2 raw opportunities
[2026-02-21 00:58:44] === Daily scan started ===
[2026-02-21 00:58:50] Web scraping: 11 raw opportunities
[2026-02-21 00:58:55] News feeds: 2 raw opportunities
[2026-02-21 01:07:35] AI research: 38 raw opportunities
[2026-02-21 01:07:35] After dedup: 51 opportunities
[2026-02-21 01:08:41] AI prioritized: top 3 are ['Telefilm Talent to Watch Progr', 'We Finance and Support', 'Indigenous Funding']
[2026-02-21 01:08:41] Filtered: 50 suitable, 11 new to database
[2026-02-21 08:30:19] === Daily scan started ===
[2026-02-21 08:30:26] Web scraping: 11 raw opportunities
[2026-02-21 08:30:31] News feeds: 2 raw opportunities
[2026-02-21 08:39:54] AI research: 41 raw opportunities
[2026-02-21 08:39:54] After dedup: 53 opportunities
[2026-02-21 08:40:42] === Daily scan started ===
[2026-02-21 08:40:49] Web scraping: 11 raw opportunities
[2026-02-21 08:40:55] News feeds: 2 raw opportunities
[2026-02-21 08:45:29] AI research: 32 raw opportunities
[2026-02-21 08:45:29] After dedup: 45 opportunities
[2026-02-21 08:45:29] Filtered: 45 suitable, 26 new to database
[2026-02-21 08:45:29] Verification: 15/15 opportunities passed AI check
[2026-02-21 08:45:29] Sent digest: 15 opportunities
[2026-02-21 08:45:29] === Daily scan complete ===

[2026-02-21 09:00:02] === Daily scan started ===
[2026-02-21 09:00:08] Web scraping: 11 raw opportunities
[2026-02-21 09:00:13] News feeds: 2 raw opportunities
[2026-02-21 09:08:28] AI research: 11 raw opportunities
[2026-02-21 09:08:28] After dedup: 24 opportunities
[2026-02-21 09:08:28] Filtered: 24 suitable, 8 new to database
[2026-02-21 09:08:28] Verification: 15/15 opportunities passed AI check
[2026-02-21 09:08:28] Sent digest: 15 opportunities
[2026-02-21 09:08:28] === Daily scan complete ===

[2026-02-22 09:00:01] === Daily scan started ===
[2026-02-22 09:00:08] Web scraping: 11 raw opportunities
[2026-02-22 09:00:10] News feeds: 2 raw opportunities
[2026-02-22 09:12:54] AI research: 35 raw opportunities
[2026-02-22 09:12:54] After dedup: 47 opportunities
[2026-02-22 09:12:54] Filtered: 46 suitable, 13 new to database
[2026-02-22 09:12:54] Verification: 15/15 opportunities passed AI check
[2026-02-22 09:12:54] Sent digest: 15 opportunities
[2026-02-22 09:12:54] === Daily scan complete ===

[2026-02-22 13:16:00] === Daily scan started ===
[2026-02-22 13:16:16] Web scraping: 98 raw opportunities
[2026-02-22 13:16:20] News feeds: 1 raw opportunities
[2026-02-22 13:23:55] AI research: 44 raw opportunities
[2026-02-22 13:23:55] After dedup: 118 opportunities
[2026-02-22 13:23:55] Filtered: 112 suitable, 76 new to database
[2026-02-22 13:23:55] Verification: 15/15 opportunities passed AI check
[2026-02-22 13:23:55] Sent digest: 15 opportunities
[2026-02-22 13:23:55] === Daily scan complete ===

[2026-02-22 15:40:49] === Daily scan started ===
[2026-02-22 15:40:49] Web scraping: skipped (using AI research instead)
[2026-02-22 15:40:49] News feeds: skipped (using AI research instead)
[2026-02-22 15:48:48] AI research: 44 raw opportunities
[2026-02-22 15:48:48] After dedup: 43 opportunities
[2026-02-22 15:48:48] Filtered: 43 suitable, 12 new to database
[2026-02-22 15:48:48] Verification: 15/15 opportunities passed AI check
[2026-02-22 15:48:48] Sent digest: 15 opportunities
[2026-02-22 15:48:48] === Daily scan complete ===

[2026-02-22 15:50:00] === Daily scan started ===
[2026-02-22 15:50:00] Web scraping: skipped (using AI research instead)
[2026-02-22 15:50:00] News feeds: skipped (using AI research instead)
[2026-02-22 15:56:57] AI research: 26 raw opportunities
[2026-02-22 15:56:57] After dedup: 25 opportunities
[2026-02-22 15:56:57] Filtered: 25 suitable, 8 new to database
[2026-02-22 15:56:57] Verification: 15/15 opportunities passed AI check
[2026-02-22 15:56:57] Sent digest: 15 opportunities
[2026-02-22 15:56:57] === Daily scan complete ===

[2026-02-22 15:57:31] === Daily scan started ===
[2026-02-22 15:57:31] Web scraping: skipped (using AI research instead)
[2026-02-22 15:57:31] News feeds: skipped (using AI research instead)
[2026-02-22 16:03:39] AI research: 22 raw opportunities
[2026-02-22 16:03:39] After dedup: 20 opportunities
[2026-02-22 16:03:39] Filtered: 20 suitable, 4 new to database
[2026-02-22 16:03:39] Verification: 15/15 opportunities passed AI check
[2026-02-22 16:03:40] Sent digest: 15 opportunities
[2026-02-22 16:03:40] === Daily scan complete ===

[2026-02-23 09:00:02] === Daily scan started ===
[2026-02-23 09:00:02] Web scraping: skipped (using AI research instead)
[2026-02-23 09:00:02] News feeds: skipped (using AI research instead)
[2026-02-23 09:11:17] AI research: 18 raw opportunities
[2026-02-23 09:11:17] After dedup: 16 opportunities
[2026-02-23 09:11:17] Filtered: 16 suitable, 4 new to database
[2026-02-23 09:11:17] Verification: 15/15 opportunities passed AI check
[2026-02-23 09:11:17] Sent digest: 15 opportunities
[2026-02-23 09:11:17] === Daily scan complete ===

[2026-02-24 09:00:01] === Daily scan started ===
[2026-02-24 09:00:01] Web scraping: skipped (using AI research instead)
[2026-02-24 09:00:01] News feeds: skipped (using AI research instead)
[2026-02-24 09:11:58] AI research: 15 raw opportunities
[2026-02-24 09:11:58] After dedup: 15 opportunities
[2026-02-24 09:11:58] Filtered: 15 suitable, 3 new to database
[2026-02-24 09:11:58] Verification: 15/15 opportunities passed AI check
[2026-02-24 09:11:59] Sent digest: 15 opportunities
[2026-02-24 09:11:59] === Daily scan complete ===

