
==================================================
📅 2026-02-08 20:10:33
🎬 Film Funding Opportunities
Daily Film Funding Digest - 10 new opportunities\n\n1. Search results for: film funding emerging directors\n   Source: Web Search\n   Difficulty: 2026-02-09 01:10:32/10\n   URL: https://www.google.com/search?q=film%20funding%20emerging%20directors\n\n2. Search results for: new filmmaker grants Canada\n   Source: Web Search\n   Difficulty: 2026-02-09 01:10:32/10\n   URL: https://www.google.com/search?q=new%20filmmaker%20grants%20Canada\n\n3. Indigenous Funding\n   Source: Telefilm Canada\n   Difficulty: 2026-02-09 01:10:32/10\n   URL: https://telefilm.ca/en/we-finance-and-support/indigenous-funding\n\n4. The Talent Fund\n   Source: Telefilm Canada\n   Difficulty: 2026-02-09 01:10:32/10\n   URL: https://telefilm.ca/en/we-partner/talent-fund\n\n5. Financing\n   Source: Telefilm Canada\n   Difficulty: 2026-02-09 01:10:32/10\n   URL: https://telefilm.ca/en/we-finance-and-support/our-programs\n\n6. We Finance and Support\n   Source: Telefilm Canada\n   Difficulty: 2026-02-09 01:10:32/10\n   URL: https://telefilm.ca/en/we-finance-and-support\n\n7. Programs\n   Source: Telefilm Canada\n   Difficulty: 2026-02-09 01:10:32/10\n   URL: https://telefilm.ca/en/we-finance-and-support/our-programs\n\n8. International programs\n   Source: Telefilm Canada\n   Difficulty: 2026-02-09 01:10:32/10\n   URL: https://telefilm.ca/en/we-finance-and-support/our-programs/international-programs\n\n9. Learning Program\n   Source: Telefilm Canada\n   Difficulty: 2026-02-09 01:10:32/10\n   URL: https://telefilm.ca/en/we-partner/learning-program-to-strengthen-your-entrepreneurial-skills\n\n10. “Knowing Yourself Is a Big Part of Your Package as an Actor”: Astrid Rotenberry, Back To One, Episode 377\n   Source: Filmmaker Magazine\n   Difficulty: 2026-02-09 01:10:32/10\n   URL: https://filmmakermagazine.com/133172-astrid-rotenberry-back-to-one-episode-377/\n\n
==================================================


==================================================
2026-02-08 20:55:53
Film Funding Opportunities
Daily Film Funding Digest - 15 new opportunities

1. Grants
   Source: Toronto Arts Council
   Type: grant
   Difficulty: 4/10
   URL: https://www.torontoartscouncil.org/grants/

2. Search Grants
   Source: Toronto Arts Council
   Type: grant
   Difficulty: 4/10
   URL: https://torontoartscouncil.org/grants

3. arts Grants for toronto-based organizations, collectives and individuals
   Source: Toronto Arts Council
   Type: grant
   Difficulty: 4/10
   URL: https://www.torontoartscouncil.org/grants/

4. TAC & Grant FAQs
   Source: Toronto Arts Council
   Type: grant
   Difficulty: 4/10
   URL: https://www.torontoartscouncil.org/grants/

5. Indigenous Funding
   Source: Telefilm Canada
   Type: grant
   Difficulty: 5/10
   URL: https://telefilm.ca/en/we-finance-and-support/indigenous-funding

6. The Talent Fund
   Source: Telefilm Canada
   Type: grant
   Difficulty: 5/10
   URL: https://telefilm.ca/en/we-partner/talent-fund

7. Financing
   Source: Telefilm Canada
   Type: grant
   Difficulty: 5/10
   URL: https://telefilm.ca/en/we-finance-and-support/our-programs

8. We Finance and Support
   Source: Telefilm Canada
   Type: grant
   Difficulty: 5/10
   URL: https://telefilm.ca/en/we-finance-and-support

9. Programs
   Source: Telefilm Canada
   Type: grant
   Difficulty: 5/10
   URL: https://telefilm.ca/en/we-finance-and-support/our-programs

10. International programs
   Source: Telefilm Canada
   Type: grant
   Difficulty: 5/10
   URL: https://telefilm.ca/en/we-finance-and-support/our-programs/international-programs

11. Learning Program
   Source: Telefilm Canada
   Type: grant
   Difficulty: 5/10
   URL: https://telefilm.ca/en/we-partner/learning-program-to-strengthen-your-entrepreneurial-skills

12. About Our Grants
   Source: Toronto Arts Council
   Type: grant
   Difficulty: 5/10
   URL: https://torontoartscouncil.org/about-our-grants/

13. Grant Calendar
   Source: Toronto Arts Council
   Type: grant
   Difficulty: 5/10
   URL: https://torontoartscouncil.org/events/?ta_events_status=upcoming&ta_events_types=grants

14. Grant Recipients
   Source: Toronto Arts Council
   Type: grant
   Difficulty: 5/10
   URL: https://torontoartscouncil.org/grant-recipients/

15. Apply for a Grant
   Source: Toronto Arts Council
   Type: grant
   Difficulty: 5/10
   URL: https://tac.smartsimple.ca/s_Login.jsp


==================================================


==================================================
2026-02-08 21:07:00
Film Funding Opportunities
Daily Film Funding Digest - 15 new opportunities

1. AI Research Summary: Investor opportunities in Toronto/Ontario
   Source: AI Research (investor)
   Type: investor
   Difficulty: 3/10

2. AI Research Summary: Networking opportunities in Toronto/Ontario
   Source: AI Research (networking)
   Type: networking
   Difficulty: 3/10

3. AI Research Summary: Grant opportunities in Toronto/Ontario
   Source: AI Research (grant)
   Type: grant
   Difficulty: 4/10

4. Art Grants
   Source: Toronto Arts Council
   Type: grant
   Difficulty: 5/10
   URL: https://torontoartscouncil.org/grants/

5. Grants FAQ
   Source: Toronto Arts Council
   Type: grant
   Difficulty: 5/10
   URL: https://torontoartscouncil.org/guidance-resources/

6. Grants Eligibility
   Source: Toronto Arts Council
   Type: grant
   Difficulty: 5/10
   URL: https://torontoartscouncil.org/faq-determining-eligibility-finding-grant-programs-and-additional-support/

7. Grants Recipient List
   Source: Toronto Arts Council
   Type: grant
   Difficulty: 5/10
   URL: https://torontoartscouncil.org/grant-recipients/#grant-recipient-lists

8. Grant Category
   Source: Toronto Arts Council
   Type: grant
   Difficulty: 5/10
   URL: https://www.torontoartscouncil.org/grants/

9. Funding Type
   Source: Toronto Arts Council
   Type: grant
   Difficulty: 5/10
   URL: https://www.torontoartscouncil.org/grants/

10. Grants
   Source: Canada Council for the Arts
   Type: grant
   Difficulty: 5/10
   URL: https://canadacouncil.ca/funding/grants

11. Am I eligible for a grant?
   Source: Canada Council for the Arts
   Type: grant
   Difficulty: 5/10
   URL: https://canadacouncil.ca/funding/resources/what-the-granting-programs-fund

12. Glossary of grant-related terms
   Source: Canada Council for the Arts
   Type: grant
   Difficulty: 5/10
   URL: https://canadacouncil.ca/glossary

13. Acknowledging Grants
   Source: Canada Council for the Arts
   Type: grant
   Difficulty: 5/10
   URL: https://canadacouncil.ca/about/logos-and-acknowledgement/acknowledging-grants

14. Learn more about what to do if you receive a grant
   Source: Canada Council for the Arts
   Type: grant
   Difficulty: 5/10
   URL: https://canadacouncil.ca/funding/grants/guide/if-you-receive-a-grant

15. Get more information about unsuccessful grant applications
   Source: Canada Council for the Arts
   Type: grant
   Difficulty: 5/10
   URL: https://canadacouncil.ca/funding/grants/guide/if-you-do-not-receive-a-grant


==================================================


==================================================
2026-02-08 21:13:17
Film Funding Opportunities
Daily Film Funding Digest - 15 new opportunities

1. AI Research Summary: Investor opportunities in Toronto/Ontario
   Source: AI Research (investor)
   Type: investor
   Difficulty: 3/10

2. AI Research Summary: Networking opportunities in Toronto/Ontario
   Source: AI Research (networking)
   Type: networking
   Difficulty: 3/10

3. arts Grants for toronto-based organizations, collectives and individuals
   Source: Toronto Arts Council
   Type: grant
   Difficulty: 4/10
   URL: https://www.torontoartscouncil.org/grants/

4. AI Research Summary: Grant opportunities in Toronto/Ontario
   Source: AI Research (grant)
   Type: grant
   Difficulty: 4/10

5. We Finance and Support
   Source: Telefilm Canada
   Type: grant
   Difficulty: 5/10
   URL: https://telefilm.ca/en/we-finance-and-support

6. Indigenous Funding
   Source: Telefilm Canada
   Type: grant
   Difficulty: 5/10
   URL: https://telefilm.ca/en/we-finance-and-support/indigenous-funding

7. International programs
   Source: Telefilm Canada
   Type: grant
   Difficulty: 5/10
   URL: https://telefilm.ca/en/we-finance-and-support/our-programs/international-programs

8. Learning Program
   Source: Telefilm Canada
   Type: grant
   Difficulty: 5/10
   URL: https://telefilm.ca/en/we-partner/learning-program-to-strengthen-your-entrepreneurial-skills

9. The Talent Fund
   Source: Telefilm Canada
   Type: grant
   Difficulty: 5/10
   URL: https://telefilm.ca/en/we-partner/talent-fund

10. Apply for a Grant
   Source: Toronto Arts Council
   Type: grant
   Difficulty: 5/10
   URL: https://tac.smartsimple.ca/s_Login.jsp

11. Art Grants
   Source: Toronto Arts Council
   Type: grant
   Difficulty: 5/10
   URL: https://torontoartscouncil.org/grants/

12. Updates: Funding Opportunities and Portal
   Source: Canada Council for the Arts
   Type: grant
   Difficulty: 5/10
   URL: https://canadacouncil.ca/funding/updates

13. Strategic Funds
   Source: Canada Council for the Arts
   Type: grant
   Difficulty: 5/10
   URL: https://canadacouncil.ca/funding/strategic-funds

14. The Canada Council’s grant programs
   Source: Canada Council for the Arts
   Type: grant
   Difficulty: 5/10
   URL: https://www.canadacouncil.ca/funding/grants

15. “Knowing Yourself Is a Big Part of Your Package as an Actor”: Astrid Rotenberry, Back To One, Episode 377
   Source: Filmmaker Magazine
   Type: news
   Difficulty: 5/10
   URL: https://filmmakermagazine.com/133172-astrid-rotenberry-back-to-one-episode-377/


==================================================


==================================================
2026-02-08 21:25:09
Film Funding Opportunities
Daily Film Funding Digest - 15 new opportunities

1. John Galway
   Source: AI Research (investor)
   Type: investor
   Amount: $20,000.00
   Difficulty: 1/10
   URL: https://toirishfilmfest.com/ourteam/

2. Lauren Grant
   Source: AI Research (investor)
   Type: investor
   Amount: $10,000.00
   Difficulty: 2/10
   URL: https://cfccreates.com/alumni-spotlight-lauren-grant-whm-edition/

3. Women in Film & Television - Toronto
   Source: AI Research (investor)
   Type: investor
   Amount: $5,000.00
   Difficulty: 2/10
   URL: https://wift.com/about-us/

4. LIFT - Liaison of Independent Filmmakers of Toronto
   Source: AI Research (networking)
   Type: networking
   Difficulty: 2/10
   URL: https://lift.ca/

5. ConneKt Film Community
   Source: AI Research (networking)
   Type: networking
   Difficulty: 2/10
   URL: https://www.newsletter.connektfilm.com/p/launch-party-upcoming-opportunities

6. Suzette Couture & Pauline Couture - BlockFilm
   Source: AI Research (investor)
   Type: investor
   Amount: $25,000.00
   Difficulty: 3/10
   URL: https://www.prnewswire.com/news-releases/blockfilm-the-producer-driven-and-canadian-based-financing-platform-enables-producers-and-investors-to-flash-forward-projects-to-completion-301317948.html

7. Andra Sheffer - Independent Production Fund
   Source: AI Research (investor)
   Type: investor
   Amount: $10,000.00
   Difficulty: 3/10
   URL: https://ipf.ca/team/andra-sheffer/

8. Angel One Investor Network
   Source: AI Research (investor)
   Type: investor
   Amount: $25,000.00
   Difficulty: 3/10
   URL: https://www.angelonenetwork.ca/

9. The Daniels Corporation - John & Myrna Daniels
   Source: AI Research (investor)
   Type: investor
   Amount: $25,000.00
   Difficulty: 3/10
   URL: https://www.theglobeandmail.com/arts/toronto-philanthropists-john-and-myrna-daniels-give-back-to-arts-community/article37198344/

10. The Power of The Pitch Toronto 2026
   Source: AI Research (networking)
   Type: networking
   Difficulty: 3/10
   URL: https://iamunbreakable.com/events/the-power-of-the-pitch-toronto-2026/

11. Project Pitch - Forest City Film Festival
   Source: AI Research (networking)
   Type: networking
   Difficulty: 3/10
   URL: https://fcff.ca/projectpitch/

12. TIFF Industry Conference & Accreditation
   Source: AI Research (networking)
   Type: networking
   Difficulty: 3/10
   URL: https://tiff.net/industry-yearround

13. WIFT+ Toronto
   Source: AI Research (networking)
   Type: networking
   Difficulty: 3/10
   URL: https://wift.com/

14. Ontario Creates International Financing Forum
   Source: AI Research (networking)
   Type: networking
   Difficulty: 3/10
   URL: https://www.ontariocreates.ca/business-initiatives/international-financing-forum

15. Canadian Film Fest Industry Series
   Source: AI Research (networking)
   Type: networking
   Difficulty: 3/10
   URL: https://www.canfilmfest.ca/industry-2025


==================================================


==================================================
2026-02-09 09:12:33
Film Funding Opportunities
Daily Film Funding Digest - 15 new opportunities

1. Kumarie Singh - K Singh Film Productions
   Source: AI Research (investor)
   Type: investor
   Amount: $25,000.00
   Difficulty: 2/10
   URL: https://www.ksinghfilmproductions.com/

2. Independent Production Fund (IPF)
   Source: AI Research (investor)
   Type: investor
   Amount: $25,000.00
   Difficulty: 2/10
   URL: https://ipf.ca/

3. The Don Haig Foundation
   Source: AI Research (investor)
   Type: investor
   Amount: $5,000.00
   Difficulty: 2/10
   URL: https://torontofoundation.ca/don_haig_foundation/

4. KEME Productions
   Source: AI Research (investor)
   Type: investor
   Amount: $20,000.00
   Difficulty: 2/10
   URL: https://kemeproductions.com/

5. Paul Kemp Productions
   Source: AI Research (investor)
   Type: investor
   Amount: $25,000.00
   Difficulty: 3/10
   URL: https://www.paulkempproductions.com/

6. William Woods - Woods Entertainment
   Source: AI Research (investor)
   Type: investor
   Amount: $50,000.00
   Difficulty: 3/10
   URL: https://www.woodsentertainment.com/

7. Marsha Bronfman
   Source: AI Research (investor)
   Type: investor
   Amount: $10,000.00
   Difficulty: 3/10
   URL: https://tjff.com/patron-circle/

8. Ontario Creates - IP Fund
   Source: AI Research (investor)
   Type: investor
   Amount: $50,000.00
   Difficulty: 3/10
   URL: https://www.ontariocreates.ca/our-sectors/film-tv/film-fund/film-fund-production

9. Toronto Arts Council Media Artists Program: Creation
   Source: AI Research (grant)
   Type: grant
   Amount: $12,000.00
   Difficulty: 3/10
   URL: https://torontoartscouncil.org/grants/media-artists-program-creation/

10. Ontario Arts Council Media Artists Creation Projects
   Source: AI Research (grant)
   Type: grant
   Amount: $40,000.00
   Difficulty: 3/10
   URL: https://www.arts.on.ca/grants/media-artists-creation-projects

11. Ontario Film and Television Tax Credit (OFTTC)
   Source: AI Research (grant)
   Type: grant
   Difficulty: 3/10
   URL: https://www.canada.ca/en/revenue-agency/services/tax/businesses/topics/corporations/provincial-territorial-corporation-tax/ontario-provincial-corporation-tax/ontario-refundable-media-tax-credits/ontario-film-television-tax-credit.html

12. Windsor Arts, Culture and Heritage Fund (ACHF)
   Source: AI Research (grant)
   Type: grant
   Amount: $1,000.00
   Difficulty: 3/10
   URL: https://www.achfwindsor.ca/

13. Ontario Production Services Tax Credit (OPSTC)
   Source: AI Research (grant)
   Type: grant
   Difficulty: 4/10
   URL: https://www.ontariocreates.ca/tax-incentives/opstc/opstc-guidelines

14. Oakville Community Activation Grant
   Source: AI Research (grant)
   Type: grant
   Amount: $1,000.00
   Difficulty: 4/10
   URL: https://www.oakville.ca/community-events/events/event-planning/community-activation-grant/

15. Forest City Youth Film Festival
   Source: AI Research (grant)
   Type: grant
   Difficulty: 4/10
   URL: https://fcff.ca/youth/submit/


==================================================


==================================================
2026-02-10 09:06:00
Film Funding Opportunities
Daily Film Funding Digest - 15 new opportunities

1. Neil Tabatznik
   Source: AI Research (investor)
   Type: investor
   Amount: $25,000.00
   Difficulty: 2/10
   URL: https://www.themoviedb.org/person/1460277-neil-tabatznik

2. Ballinran Film Fund
   Source: AI Research (investor)
   Type: investor
   Amount: $20,000.00
   Difficulty: 2/10
   URL: https://ballinran.com/invest/

3. Hot Docs Supporters Network
   Source: AI Research (investor)
   Type: investor
   Amount: $25,000.00
   Difficulty: 2/10
   URL: https://stories.hotdocs.ca/highlights/supporters.html

4. WIFT+ Toronto Reception @ TIFF
   Source: AI Research (networking)
   Type: networking
   Difficulty: 2/10
   URL: https://wift.com/programs-events/2025-wift-toronto-reception-tiff/

5. So You Think You Can Pitch? 2025
   Source: AI Research (networking)
   Type: networking
   Difficulty: 2/10
   URL: https://reelasian.com/industry-opportunities/pitch-2025/

6. Newcomer Filmmentor 2025
   Source: AI Research (networking)
   Type: networking
   Difficulty: 2/10
   URL: https://lift.ca/community/call-for-applications-newcomer-filmmentor-2025/

7. WIFT+ Toronto Showcase 2025
   Source: AI Research (networking)
   Type: networking
   Difficulty: 2/10
   URL: https://wift.com/programs-events/2025-wift-toronto-showcase-2/

8. Emerging Directors' Pitch Competition 2025
   Source: AI Research (networking)
   Type: networking
   Difficulty: 3/10
   URL: https://rpff.ca/festival/edp2025/

9. Ontario Arts Council Market Development Travel
   Source: AI Research (networking)
   Type: networking
   Difficulty: 3/10
   URL: https://hellodarwin.com/business-aid/programs/oac-market-development-travel

10. TIFF: The Market 2026
   Source: AI Research (networking)
   Type: networking
   Difficulty: 4/10
   URL: https://tiff.net/themarket

11. CineFAM Women of Colour Creators Network
   Source: AI Research (networking)
   Type: networking
   Difficulty: 4/10
   URL: https://cinefam.ca/

12. Grey Bruce Youth Film Festival
   Source: AI Research (grant)
   Type: grant
   Difficulty: 4/10
   URL: https://cknewstoday.ca/midwestern/news/2026/01/22/submissions-open-for-grey-bruce-youth-film-festival

13. arts Grants for toronto-based organizations, collectives and individuals
   Source: Toronto Arts Council
   Type: grant
   Difficulty: 4/10
   URL: https://www.torontoartscouncil.org/grants/

14. Robert Lantos
   Source: AI Research (investor)
   Type: investor
   Amount: $50,000.00
   Difficulty: 4/10
   URL: https://www.chancellorscircle.utoronto.ca/members/robert-lantos/

15. Maple Leaf Angels
   Source: AI Research (investor)
   Type: investor
   Amount: $50,000.00
   Difficulty: 4/10
   URL: https://mapleleafangels.com/


==================================================


==================================================
2026-02-11 09:11:02
Film Funding Opportunities
Daily Film Funding Digest - 15 new opportunities

1. Andrew Bronfman
   Source: AI Research (investor)
   Type: investor
   Amount: $30.00
   Difficulty: 1/10
   URL: https://www.goodmovie.ca/

2. Jonathan Bronfman
   Source: AI Research (investor)
   Type: investor
   Amount: $50.00
   Difficulty: 1/10
   URL: https://playbackonline.ca/2020/10/26/jobro-productions-amplified/

3. Micki Moore
   Source: AI Research (investor)
   Type: investor
   Amount: $3.00
   Difficulty: 1/10
   URL: https://tiff.net/industry-micki-moore-residency

4. Scott Garvie
   Source: AI Research (investor)
   Type: investor
   Amount: $100.00
   Difficulty: 1/10
   URL: https://shaftesbury.ca/about/

5. Telefilm Talent Fund
   Source: AI Research (investor)
   Type: investor
   Amount: $30.00
   Difficulty: 1/10
   URL: https://thetalentfund.ca/about/

6. TIFF Industry Conference 2025
   Source: AI Research (networking)
   Type: networking
   Difficulty: 1/10
   URL: https://tiff.net/industry-festival

7. Gary Slaight
   Source: AI Research (investor)
   Type: investor
   Amount: $50.00
   Difficulty: 2/10
   URL: https://www.slaightmusic.com/team/

8. Canadian Film Centre Gala 2026
   Source: AI Research (networking)
   Type: networking
   Difficulty: 3/10
   URL: https://cfccreates.com/get-involved/fundraising-initiatives/

9. Filmmakers Connect Toronto - Networking Party
   Source: AI Research (networking)
   Type: networking
   Difficulty: 3/10
   URL: https://www.eventbrite.co.uk/e/filmmakers-connect-toronto-networking-party-tickets-1982701198658

10. Toronto Arts Council Creative Communities Projects
   Source: AI Research (grant)
   Type: grant
   Amount: $15,000.00
   Difficulty: 4/10
   URL: https://torontoartscouncil.org/grants/creative-communities-projects/

11. Ontario Film & Television Tax Credit (OFTTC) - First-Time Producer Bonus
   Source: AI Research (grant)
   Type: grant
   Amount: $240,000.00
   Difficulty: 4/10
   URL: https://ontariobusinessgrants.com/tax-credit/ontario-film-television-tax-credit-ofttc/

12. OAC Artists in Communities and Schools Projects
   Source: AI Research (grant)
   Type: grant
   Difficulty: 4/10
   URL: https://www.arts.on.ca/grants/artists-in-communities-and-schools-projects

13. So You Think You Can Pitch 2025 - Reel Asian
   Source: AI Research (networking)
   Type: networking
   Difficulty: 4/10
   URL: https://reelasian.com/industry-opportunities/pitch-2025

14. Hot Docs Deal Maker
   Source: AI Research (networking)
   Type: networking
   Difficulty: 4/10
   URL: https://hotdocs.ca/industry/conference/deal-maker

15. Canadian Film Fest You-CAN Pitch Competition 2026
   Source: AI Research (networking)
   Type: networking
   Difficulty: 4/10
   URL: https://www.mrwillwong.com/firstlook-canadian-film-fest-cff-announce-you-can-pitch-competition-2026/


==================================================


==================================================
2026-02-12 09:08:47
Film Funding Opportunities
Daily Film Funding Digest - 15 new opportunities

1. DGC Ontario Short Film Fund
   Source: AI Research (investor)
   Type: investor
   Amount: $5.00
   Difficulty: 2/10
   URL: https://www.dgc.ca/en/ontario/short-film-fund

2. The Talent Fund (Telefilm Canada)
   Source: AI Research (investor)
   Type: investor
   Difficulty: 2/10
   URL: https://thetalentfund.ca/

3. TIFF: The Market
   Source: AI Research (networking)
   Type: networking
   Difficulty: 2/10
   URL: https://tiff.net/press/news/tiff-to-launch-official-content-market-alongside-festival-in-september-2026

4. Hot Docs-Slaight Family Fund
   Source: AI Research (investor)
   Type: investor
   Amount: $15,000.00
   Difficulty: 3/10
   URL: https://hotdocs.ca/industry/film-funds/hot-docs-slaight-family-fund/apply-hot-docs-slaight-family-fund

5. Independent Production Fund
   Source: AI Research (investor)
   Type: investor
   Amount: $15,000.00
   Difficulty: 3/10
   URL: https://www.ipf.ca/index.html

6. Suzette Couture & Pauline Couture
   Source: AI Research (investor)
   Type: investor
   Amount: $50.00
   Difficulty: 3/10
   URL: https://www.f6s.com/member/pauline-couture

7. Pitch, Please! Competition - Inside Out Film Festival
   Source: AI Research (networking)
   Type: networking
   Difficulty: 3/10
   URL: https://insideout.ca/event/id/68094b2a77c3a933dea41c6b/

8. TorontoMet Film Fest Pitch Contest
   Source: AI Research (networking)
   Type: networking
   Difficulty: 3/10
   URL: https://www.torontometfilmfest.ca/

9. Jon Taylor
   Source: AI Research (investor)
   Type: investor
   Amount: $60,000.00
   Difficulty: 4/10
   URL: https://www.ipf.ca/team/jon-taylor/index.html

10. LIFT Digital Cinema Residency 2026
   Source: AI Research (grant)
   Type: grant
   Difficulty: 4/10
   URL: https://lift.ca/programming-home/call-for-proposals-digital-cinema-residency-2026/

11. Hot Docs Festival Conference & Market
   Source: AI Research (networking)
   Type: networking
   Difficulty: 4/10
   URL: https://hotdocs.ca/industry/conference

12. FILMHIVE
   Source: AI Research (networking)
   Type: networking
   Difficulty: 4/10
   URL: https://filmhive.org/

13. Reelworld Screen Institute
   Source: AI Research (networking)
   Type: networking
   Difficulty: 4/10
   URL: https://www.reelworld.ca/

14. CISF Connect - Canadian Independent Screen Fund
   Source: AI Research (networking)
   Type: networking
   Difficulty: 4/10
   URL: https://independentfund.org/cisf-connect/

15. Rogers Group of Funds
   Source: AI Research (investor)
   Type: investor
   Amount: $50,000.00
   Difficulty: 4/10
   URL: https://www.rogersgroupoffunds.com/fund-my-project/


==================================================


==================================================
2026-02-13 09:09:18
Film Funding Opportunities
Daily Film Funding Digest - 15 new opportunities

1. Toronto Metropolitan Film Fest (TMFF)
   Source: AI Research (networking)
   Type: networking
   Difficulty: 1/10
   URL: https://www.torontometfilmfest.ca

2. Ontario Creates - Film Fund
   Source: AI Research (investor)
   Type: investor
   Amount: $10,000.00
   Difficulty: 2/10
   URL: https://www.ontariocreates.ca/our-sectors/film-tv/film-fund

3. WIFT-T Foundation (Women in Film & Television Toronto)
   Source: AI Research (investor)
   Type: investor
   Difficulty: 2/10
   URL: https://wift-t.webflow.io/about/our-foundation

4. TIFF (Toronto International Film Festival)
   Source: AI Research (investor)
   Type: investor
   Difficulty: 2/10
   URL: https://tiff.net/

5. Canadian Film Fest - You-CAN Pitch Competition
   Source: AI Research (networking)
   Type: networking
   Difficulty: 2/10
   URL: https://www.canfilmfest.ca

6. Regent Park Film Festival - Emerging Directors' Pitch Competition
   Source: AI Research (networking)
   Type: networking
   Difficulty: 2/10
   URL: https://rpff.ca/festival/edp2025

7. 48 Hour Film Project - Toronto
   Source: AI Research (networking)
   Type: networking
   Difficulty: 2/10
   URL: https://www.48hourfilm.com/toronto

8. Hot Docs Ted Rogers Cinema / Hot Docs Festival
   Source: AI Research (investor)
   Type: investor
   Difficulty: 3/10
   URL: https://hotdocs.ca/

9. Telefilm Canada - Micro-Budget Production Program
   Source: AI Research (investor)
   Type: investor
   Amount: $125,000.00
   Difficulty: 3/10
   URL: https://telefilm.ca/en/programs/micro-budget

10. Future of Film Showcase (FOFS)
   Source: AI Research (grant)
   Type: grant
   Difficulty: 3/10
   URL: https://www.fofs.ca/

11. TIFF Industry Conference
   Source: AI Research (networking)
   Type: networking
   Difficulty: 3/10
   URL: https://tiff.net/industry

12. LIFT (Liaison of Independent Filmmakers of Toronto)
   Source: AI Research (networking)
   Type: networking
   Difficulty: 3/10
   URL: https://lift.ca

13. WIFT+ Toronto (Women in Film & Television)
   Source: AI Research (networking)
   Type: networking
   Difficulty: 3/10
   URL: https://wift.com

14. Ontario Creates - IP Fund
   Source: AI Research (networking)
   Type: networking
   Difficulty: 3/10
   URL: https://www.ontariocreates.ca/investment-programs/content-creation/intellectual-property-fund

15. Telefilm Canada
   Source: AI Research (networking)
   Type: networking
   Difficulty: 3/10
   URL: https://telefilm.ca


==================================================


==================================================
2026-02-14 09:07:42
Film Funding Opportunities
Daily Film Funding Digest - 15 new opportunities

1. Telefilm Canada - Talent to Watch Program
   Source: AI Research (investor)
   Type: investor
   Amount: $150,000.00
   Difficulty: 2/10
   URL: https://telefilm.ca/en/programmes/talent-to-watch-program

2. Canadian Film Fest - YOU-CAN Pitch
   Source: AI Research (networking)
   Type: networking
   Difficulty: 2/10
   URL: https://www.canfilmfest.ca/

3. Hart House Film Board
   Source: AI Research (networking)
   Type: networking
   Difficulty: 2/10
   URL: https://www.hhfilmboard.com/monthly-meetups

4. Gary Slaight / Slaight Family Foundation
   Source: AI Research (investor)
   Type: investor
   Difficulty: 3/10
   URL: https://www.slaightmusic.com/

5. AI Research: Grant leads - Toronto/Ontario
   Source: AI Research (grant)
   Type: grant
   Difficulty: 3/10

6. Inside Out - Pitch, Please! Competition
   Source: AI Research (networking)
   Type: networking
   Difficulty: 3/10
   URL: https://insideout.ca/industry-day/

7. Toronto Film Industry Networking Group
   Source: AI Research (networking)
   Type: networking
   Difficulty: 3/10
   URL: https://www.meetup.com/torontofilmindustry/

8. IFFSA Toronto - Industry Events
   Source: AI Research (networking)
   Type: networking
   Difficulty: 3/10
   URL: https://iffsatoronto.com/2025-pro-events/

9. Rogers Group of Funds
   Source: AI Research (networking)
   Type: networking
   Difficulty: 3/10
   URL: https://www.rogersgroupoffunds.com

10. Toronto Film Industry Networking Group (Meetup)
   Source: AI Research (networking)
   Type: networking
   Difficulty: 3/10
   URL: https://www.meetup.com/torontofilmindustry

11. Raindance Toronto Filmmaking Network
   Source: AI Research (networking)
   Type: networking
   Difficulty: 3/10
   URL: https://www.meetup.com/raindance-toronto-filmmaking-network

12. Forest City Film Festival - Project Pitch
   Source: AI Research (networking)
   Type: networking
   Difficulty: 3/10
   URL: https://fcff.ca/projectpitch

13. CineFAM / CaribbeanTales Media Group
   Source: AI Research (networking)
   Type: networking
   Difficulty: 3/10
   URL: https://cinefam.ca

14. Nirvanna the Band the Show the Movie’s Matt Johnson Shares His Secret to a Good Life
   Source: Filmmaker Magazine
   Type: news
   Difficulty: 4/10
   URL: https://filmmakermagazine.com/133291-interview-matt-johnson-nirvanna-the-band-the-show-the-movie/

15. Telefilm Canada - Development Program
   Source: AI Research (networking)
   Type: networking
   Difficulty: 4/10
   URL: https://telefilm.ca/en/programmes/development-program


==================================================


==================================================
2026-02-15 09:12:21
Film Funding Opportunities
Daily Film Funding Digest - 15 new opportunities

1. Don Haig Foundation
   Source: AI Research (investor)
   Type: investor
   Amount: $5,000.00
   Difficulty: 1/10
   URL: https://torontofoundation.ca/don_haig_foundation

2. Ontario Screen Creators Conference (OSCC)
   Source: AI Research (networking)
   Type: networking
   Difficulty: 2/10
   URL: https://cmpa.ca/events/ontario-screen-creators-conference-2025

3. Toronto Arts Council - Media Artists Program
   Source: AI Research (networking)
   Type: networking
   Difficulty: 2/10
   URL: https://torontoartscouncil.org/grants/media-artists-program-creation

4. G. Scott Paterson
   Source: AI Research (investor)
   Type: investor
   Amount: $10,000.00
   Difficulty: 3/10
   URL: https://gscottpaterson.com/

5. Wally Start - Angel Entertainment
   Source: AI Research (investor)
   Type: investor
   Amount: $10,000.00
   Difficulty: 3/10
   URL: https://angelentertainment.ca/our-team/

6. Robin Mirsky - Rogers Group of Funds
   Source: AI Research (investor)
   Type: investor
   Difficulty: 3/10
   URL: https://www.rogersgroupoffunds.com/tell-me-more/people/

7. LIFT (Liaison of Independent Filmmakers of Toronto) - Production and Post-Production Support Grant
   Source: AI Research (grant)
   Type: grant
   Amount: $1,000.00
   Difficulty: 3/10
   URL: https://lift.ca/support-grants/

8. MENA Canada Filmmaking Grant
   Source: AI Research (grant)
   Type: grant
   Amount: $5,000.00
   Difficulty: 3/10
   URL: https://www.menafilmfestival.com/filmmaking-grant

9. City of Toronto - Cultural Festivals Funding Program
   Source: AI Research (grant)
   Type: grant
   Difficulty: 3/10
   URL: https://www.toronto.ca/services-payments/grants-incentives-rebates/arts-culture-grants/cultural-festivals-funding-program/

10. Storyhive Voices (BC & Alberta)
   Source: AI Research (grant)
   Type: grant
   Amount: $10,000.00
   Difficulty: 3/10
   URL: https://www.storyhive.com/

11. Blue Mountain Film + Media Festival - Live Pitch
   Source: AI Research (networking)
   Type: networking
   Difficulty: 3/10
   URL: https://bluemountainfilmfestival.ca

12. Future of Film Showcase (FOFS)
   Source: AI Research (networking)
   Type: networking
   Difficulty: 3/10
   URL: https://cmpa.ca/events/future-of-film-showcase-2025

13. CMPA (Canadian Media Producers Association) - Ontario Chapter
   Source: AI Research (networking)
   Type: networking
   Difficulty: 3/10
   URL: https://cmpa.ca

14. Mississauga Arts Council - Indie Filmmaker's Amplifier
   Source: AI Research (networking)
   Type: networking
   Difficulty: 3/10
   URL: https://www.mississaugaartscouncil.com/programs/indie-filmmakers-amplifier

15. Kingston Canadian Film Festival
   Source: AI Research (networking)
   Type: networking
   Difficulty: 3/10
   URL: https://kingfilmfest.com


==================================================


==================================================
2026-02-16 09:08:33
Film Funding Opportunities
Daily Film Funding Digest - 15 new opportunities

1. Film Access Northumberland - Film Forward Competition
   Source: AI Research (grant)
   Type: grant
   Amount: $1,000.00
   Difficulty: 1/10
   URL: https://www.filmaccessnorthumberland.ca/eye2eyeshortfilmcompetition

2. Toronto Arts Foundation
   Source: AI Research (investor)
   Type: investor
   Difficulty: 2/10
   URL: https://torontoartsfoundation.org/

3. Galley Ventures
   Source: AI Research (investor)
   Type: investor
   Difficulty: 2/10
   URL: https://galleyventures.com/

4. Partners Film
   Source: AI Research (investor)
   Type: investor
   Difficulty: 2/10
   URL: https://partnersfilm.com/contact/

5. Canadian Film Centre (CFC)
   Source: AI Research (investor)
   Type: investor
   Difficulty: 2/10
   URL: https://cfccreates.com/

6. Liaison of Independent Filmmakers of Toronto (LIFT)
   Source: AI Research (networking)
   Type: networking
   Difficulty: 2/10
   URL: https://lift.ca/lift-membership/

7. Indiecan Entertainment - INDIECAN10K
   Source: AI Research (networking)
   Type: networking
   Difficulty: 2/10
   URL: https://indiecanent.com/about/

8. Sons of Rigor Films
   Source: AI Research (investor)
   Type: investor
   Difficulty: 3/10
   URL: https://www.sonsofrigor.com/

9. Forward Motion Entertainment
   Source: AI Research (investor)
   Type: investor
   Difficulty: 3/10
   URL: https://forwardmotionent.com/Film-Sales-Financing_Contact.html

10. ACTRA Toronto Low Budget Productions
   Source: AI Research (investor)
   Type: investor
   Amount: $50,000.00
   Difficulty: 3/10
   URL: https://actratoronto.com/low-budget-productions/

11. Ontario Arts Council - New Generation Artists
   Source: AI Research (grant)
   Type: grant
   Difficulty: 3/10
   URL: https://www.arts.on.ca/grants/priority-groups/new-generation-artists

12. TIFF (Toronto International Film Festival) Industry & Market
   Source: AI Research (networking)
   Type: networking
   Difficulty: 3/10
   URL: https://tiff.net/themarket/engage

13. Ontario Creates (formerly OMDC) - Film & TV Business Initiatives
   Source: AI Research (networking)
   Type: networking
   Difficulty: 3/10
   URL: https://www.ontariocreates.ca/our-sectors/film-tv/business-initiatives

14. The Comeunity Project: Toronto Film + Music Industry Mingle
   Source: AI Research (networking)
   Type: networking
   Difficulty: 3/10
   URL: https://www.eventbrite.com/e/the-comeunity-project-toronto-film-music-industry-mingle-tickets-1979683410372

15. Raindance Toronto Filmmakers Networking
   Source: AI Research (networking)
   Type: networking
   Difficulty: 3/10
   URL: https://www.eventbrite.ca/e/raindance-toronto-filmmakers-networking-event-tickets-1268098178789


==================================================


==================================================
2026-02-17 09:09:56
Film Funding Opportunities
Daily Film Funding Digest - 15 new opportunities

1. Ingrid Veninger / pUNK Films
   Source: AI Research (investor)
   Type: investor
   Amount: $1,000.00
   Difficulty: 1/10
   URL: https://www.punkfilms.ca/

2. Documentary Organization of Canada (DOC) Ontario
   Source: AI Research (networking)
   Type: networking
   Difficulty: 3/10
   URL: https://docorg.ca/chapter/doc-ontario/

3. DOC Institute
   Source: AI Research (networking)
   Type: networking
   Difficulty: 3/10
   URL: https://docinstitute.com/

4. Ontario Creates
   Source: AI Research (networking)
   Type: networking
   Difficulty: 3/10
   URL: https://www.ontariocreates.ca/investment-programs

5. Ontario Creates - Film Fund Production
   Source: AI Research (investor)
   Type: investor
   Amount: $50,000.00
   Difficulty: 4/10
   URL: https://www.ontariocreates.ca/our-sectors/film-fund/film-fund-production

6. Pat the Dog Theatre Creation - Microgrants for Waterloo Region Artists
   Source: AI Research (grant)
   Type: grant
   Amount: $1,000.00
   Difficulty: 4/10
   URL: https://patthedog.org/microgrants-2026/

7. Toronto Arts Council - Indigenous Arts Projects
   Source: AI Research (grant)
   Type: grant
   Difficulty: 4/10
   URL: https://torontoartscouncil.org/grants/indigenous-arts-projects/

8. Ontario Arts Council - Indigenous Artists
   Source: AI Research (grant)
   Type: grant
   Difficulty: 4/10
   URL: https://www.arts.on.ca/grants/indigenous-artists

9. Blue Mountain Film Festival - Pitch Competition
   Source: AI Research (networking)
   Type: networking
   Difficulty: 4/10
   URL: https://bluemtnfilmfest.ca/events/pitchcomp/

10. City of Ottawa - Creation and Production Fund for Artists
   Source: AI Research (grant)
   Type: grant
   Amount: $15,000.00
   Difficulty: 4/10
   URL: https://ottawa.ca/en/arts-heritage-and-events/funding-calls-and-opportunities/cultural-funding/creation-and-production-fund-artists

11. Inside Out 2SLGBTQ+ Film Festival
   Source: AI Research (grant)
   Type: grant
   Difficulty: 4/10
   URL: https://www.insideout.ca/submissions/

12. City of Toronto - Arts & Culture Grants
   Source: AI Research (grant)
   Type: grant
   Difficulty: 4/10
   URL: https://www.toronto.ca/services-payments/grants-incentives-rebates/arts-culture-grants/

13. imagineNATIVE Film + Media Arts Festival - Industry Days
   Source: AI Research (networking)
   Type: networking
   Difficulty: 4/10
   URL: https://imaginenative.org/festival/industry/

14. Reelworld Film Festival + Summit
   Source: AI Research (networking)
   Type: networking
   Difficulty: 4/10
   URL: https://www.reelworld.ca/film-festival-summit

15. Providence Equity in Support of Wasserman Agency Sale: “We Remain Fully Committed”
   Source: The Hollywood Reporter
   Type: news
   Difficulty: 4/10
   URL: https://www.hollywoodreporter.com/business/business-news/providence-equity-casey-wasserman-agency-sale-support-1236505895/


==================================================


==================================================
2026-02-18 09:09:18
Film Funding Opportunities
Daily Film Funding Digest - 15 new opportunities

1. Producers Roundtable of Ontario (PRO)
   Source: AI Research (investor)
   Type: investor
   Difficulty: 2/10
   URL: https://www.pro-ontario.com/

2. Sandi Treliving
   Source: AI Research (investor)
   Type: investor
   Amount: $10,000.00
   Difficulty: 3/10
   URL: https://telefilm.ca/en/the-talent-fund-welcomes-sandi-treliving-as-new-advisory-committee-chair

3. Toronto Film Industry Networking Group
   Source: AI Research (investor)
   Type: investor
   Difficulty: 3/10
   URL: Join through Meetup website

4. Canada Media Fund Digital Creators Pilot Program
   Source: AI Research (grant)
   Type: grant
   Difficulty: 3/10
   URL: https://cmf-fmc.ca/program/digital-creators-pilot-program/

5. Ontario Arts Council - Media Arts Grants
   Source: AI Research (networking)
   Type: networking
   Difficulty: 3/10
   URL: https://www.arts.on.ca/grants

6. CineConnect Toronto
   Source: AI Research (networking)
   Type: networking
   Difficulty: 3/10
   URL: https://www.eventbrite.ca/e/cineconnect-toronto-free-industry-mixer-for-filmmakers-creatives-tickets-1860364663789

7. T.O. Webfest
   Source: AI Research (networking)
   Type: networking
   Difficulty: 3/10
   URL: https://towebfest.ca/

8. WIFT+ Toronto Crystal Awards
   Source: AI Research (networking)
   Type: networking
   Difficulty: 3/10
   URL: https://wift.com/programs-events/2025-wift-toronto-crystal-awards-nominationsmc_cid451555a442mc_eidcfff6ae20f/

9. TIFF Series Accelerator
   Source: AI Research (networking)
   Type: networking
   Difficulty: 3/10
   URL: https://tiff.net/industry-series-accelerator

10. Hot Docs-Blue Ice Docs Fund
   Source: AI Research (investor)
   Type: investor
   Amount: $10,000.00
   Difficulty: 4/10
   URL: https://www.hotdocs.ca/i/hd-big-fund-how-to-apply

11. Ontario Interactive Digital Media Tax Credit (OIDMTC)
   Source: AI Research (grant)
   Type: grant
   Difficulty: 4/10
   URL: https://www.ontariocreates.ca/our-sectors/interactive/tax-credit

12. Toronto Arts Council - Animating Toronto Parks
   Source: AI Research (grant)
   Type: grant
   Amount: $10,000.00
   Difficulty: 4/10
   URL: https://torontoartscouncil.org/grants/animating-toronto-parks/

13. Reel Asian - So You Think You Can Pitch
   Source: AI Research (networking)
   Type: networking
   Difficulty: 4/10
   URL: https://www.reelasian.com/industry-opportunities/pitch-2025/

14. Toronto Arts Council - Visual/Media Arts Annual Operating
   Source: AI Research (grant)
   Type: grant
   Difficulty: 4/10
   URL: https://torontoartscouncil.org/grants/visual-media-arts-annual-operating/

15. FOFS Director Development Incubator
   Source: AI Research (grant)
   Type: grant
   Difficulty: 4/10
   URL: https://www.fofs.ca/director-development-incubator


==================================================


==================================================
2026-02-19 09:10:14
Film Funding Opportunities
Daily Film Funding Digest - 15 new opportunities

1. Avi Federgreen
   Source: AI Research (investor)
   Type: investor
   Amount: $10,000.00
   Difficulty: 1/10
   URL: https://www.federgreenentertainment.com/

2. Slaight Family Foundation
   Source: AI Research (investor)
   Type: investor
   Amount: $15,000.00
   Difficulty: 2/10
   URL: https://www.slaightmusic.com/hot_docs_fund/

3. Inside Out RE:Focus Fund
   Source: AI Research (investor)
   Type: investor
   Amount: $5,000.00
   Difficulty: 2/10
   URL: https://insideout.ca/initiatives/re-focus-fund/

4. Daniel Bekerman / Scythia Films
   Source: AI Research (investor)
   Type: investor
   Amount: $50,000.00
   Difficulty: 2/10
   URL: https://www.scythiafilms.com/

5. Jennifer Podemski / Redcloud Studios
   Source: AI Research (investor)
   Type: investor
   Difficulty: 2/10
   URL: https://www.redcloudstudios.ca/

6. Ontario Creates (IP Fund)
   Source: AI Research (investor)
   Type: investor
   Amount: $10,000.00
   Difficulty: 2/10
   URL: https://www.ontariocreates.ca/our-sectors/film-fund

7. Martha Rogers / Rogers Foundation
   Source: AI Research (investor)
   Type: investor
   Amount: $15,000.00
   Difficulty: 3/10
   URL: https://www.thestar.com/entertainment/movies/rogers-foundation-gives-5-million-gift-to-hot-docs

8. Toronto Black Film Festival - Industry Programming
   Source: AI Research (networking)
   Type: networking
   Difficulty: 3/10
   URL: https://torontoblackfilm.com/2026-special/

9. ScreenFundr - Film Funding Database
   Source: AI Research (networking)
   Type: networking
   Difficulty: 3/10
   URL: https://www.screenfundr.com/

10. The World Needs New Heroes, Argue Creators at Berlinale: ‘We Made This Series Because We Felt Powerless’
   Source: Variety
   Type: news
   Difficulty: 4/10
   URL: https://variety.com/2026/tv/global/all-heroes-are-bastards-the-marquise-phoenix-berlinale-1236666296/

11. Hot Docs Ted Rogers Fund
   Source: AI Research (investor)
   Type: investor
   Amount: $5,000.00
   Difficulty: 4/10
   URL: https://hotdocs.ca/industry/film-funds

12. Canadian Independent Screen Fund for BPOC Creators
   Source: AI Research (investor)
   Type: investor
   Amount: $10,000.00
   Difficulty: 4/10
   URL: https://independentfund.org/

13. Derrick C. - Angel Investor
   Source: AI Research (investor)
   Type: investor
   Amount: $80,000.00
   Difficulty: 4/10
   URL: https://www.angelinvestmentnetwork.ch/angel-investors/derrick-c-angel-investor-toronto-canada-2254195

14. Toronto Arts Council - Visual Artists Program: Creation
   Source: AI Research (grant)
   Type: grant
   Difficulty: 4/10
   URL: https://torontoartscouncil.org/grants/visual-artists-program-creation/

15. Mississauga Arts Council - Matchmaker MicroGrant
   Source: AI Research (grant)
   Type: grant
   Amount: $3,000.00
   Difficulty: 4/10
   URL: https://www.mississaugaartscouncil.com/programs/microgrants/


==================================================


==================================================
2026-02-20 09:12:09
Film Funding Opportunities
Daily Film Funding Digest - 15 new opportunities

1. Telefilm Canada
   Source: AI Research (investor)
   Type: investor
   Difficulty: 2/10
   URL: https://telefilm.ca/en/

2. Telefilm Canada - Talent to Watch Program
   Source: AI Research (networking)
   Type: networking
   Difficulty: 2/10
   URL: https://telefilm.ca/en/talent-to-watch-programs-opening-dates-and-upcoming-information-session-webinars

3. K.M. Hunter Foundation
   Source: AI Research (investor)
   Type: investor
   Difficulty: 3/10
   URL: https://torontoartsfoundation.org/our-partners-donors/

4. OSCC (Ontario Screen Creators Conference) - Project Pitch
   Source: AI Research (networking)
   Type: networking
   Difficulty: 3/10
   URL: https://fcff.ca/2025/06/27/oscc-spotlight-pitch-win-action-your-path-to-rolling-camera-is-here/

5. Planet In Focus - Industry Conference
   Source: AI Research (networking)
   Type: networking
   Difficulty: 3/10
   URL: https://planetinfocus.org/industry-conference/

6. Toronto Independent Film Meetups
   Source: AI Research (networking)
   Type: networking
   Difficulty: 3/10
   URL: https://www.meetup.com/find/ca--toronto/independent-filmmakers/

7. Neighbourhood Arts Network - ChangeMakers Micro-Grant
   Source: AI Research (grant)
   Type: grant
   Difficulty: 4/10
   URL: https://neighbourhoodartsnetwork.org/News-and-Events/CALL-FOR-APPLICATIONS-II-ChangeMakers-Micro-Grant

8. Ontario Arts Council - Media Arts Projects
   Source: AI Research (grant)
   Type: grant
   Difficulty: 4/10
   URL: https://www.arts.on.ca/grants/discipline/media-arts

9. Reel Asian - So You Think You Can Pitch?
   Source: AI Research (networking)
   Type: networking
   Difficulty: 4/10
   URL: https://www.reelasian.com/festival-events/so-you-think-you-can-pitch-2025/

10. RIFFA Emerging Screenwriters Fellowship
   Source: AI Research (grant)
   Type: grant
   Difficulty: 4/10
   URL: https://riffa.ca/screenwriters-fellowship/

11. Manitoba Film and Music - Grant Program for Emerging Talent and Micro-Budget Production
   Source: AI Research (grant)
   Type: grant
   Difficulty: 4/10
   URL: https://www.mbfilmmusic.ca/film-tv/film-tv-funding-programs/production/grant-program-for-emerging-talent-and-micro-budget-production

12. City of Toronto - Indigenous Arts & Culture Fund
   Source: AI Research (grant)
   Type: grant
   Difficulty: 4/10
   URL: https://www.toronto.ca/services-payments/grants-incentives-rebates/arts-culture-grants/indigenous-arts-culture-fund/

13. Hot Docs Canadian International Documentary Festival
   Source: AI Research (grant)
   Type: grant
   Difficulty: 4/10
   URL: https://hotdocs.ca/industry/submit-a-film

14. Gimli International Film Festival - RBC Emerging Artist Pitch Competition
   Source: AI Research (grant)
   Type: grant
   Amount: $15,000.00
   Difficulty: 4/10
   URL: https://www.gimlifilm.com/rbc-emerging-artist

15. imagineNATIVE Film + Media Arts Festival
   Source: AI Research (networking)
   Type: networking
   Difficulty: 4/10
   URL: https://imaginenative.org


==================================================


==================================================
2026-02-21 08:45:29
Film Funding Opportunities
Daily Film Funding Digest - 15 verified opportunities

1. Ontario Film & Television Tax Credit (OFTTC)
   Source: AI Research (grant)
   Type: grant
   Difficulty: 6/10
   URL: https://www.ontariocreates.ca/our-sectors/film-tv/tax-credits

2. City of Burlington - Arts and Culture Grant
   Source: AI Research (grant)
   Type: grant
   Amount: $75,000.00
   Difficulty: 6/10
   URL: https://www.burlington.ca/en/arts-and-recreation/arts-and-culture-grant.aspx

3. Canadian Film Fest - Comedy Igniter Challenge
   Source: AI Research (grant)
   Type: grant
   Amount: $50,000.00
   Difficulty: 6/10
   URL: https://www.canfilmfest.ca/comedy-igniter-2026

4. Canadian Film Centre (CFC)
   Source: AI Research (networking)
   Type: networking
   Difficulty: 6/10
   URL: https://cfccreates.com

5. Ontario Computer Animation & Special Effects Tax Credit (OCASE)
   Source: AI Research (grant)
   Type: grant
   Difficulty: 6/10
   URL: https://www.ontariocreates.ca/tax-incentives/ocase

6. Community Futures Lambton Grant Program
   Source: AI Research (grant)
   Type: grant
   Amount: $40,000.00
   Difficulty: 6/10
   URL: https://windsornewstoday.ca/sarnia/news/2026/02/07/community-futures-lambton-announces-thousands-in-grant-funding

7. ‘Little Amélie or the Character of Rain,’ Oscar and BAFTA-Nominated French Toon, Lands With India’s Fragrant Nature Film Creations (EXCLUSIVE)
   Source: Variety
   Type: news
   Difficulty: 5/10
   URL: https://variety.com/2026/film/news/little-amelie-indian-release-1236669035/

8. Crazy8s Film Competition
   Source: AI Research (grant)
   Type: grant
   Amount: $2,000.00
   Difficulty: 5/10
   URL: https://crazy8s.film/

9. Canada Council for the Arts - Explore and Create
   Source: AI Research (grant)
   Type: grant
   Amount: $60,000.00
   Difficulty: 5/10
   URL: https://canadacouncil.ca/funding/grants/explore-and-create

10. Telefilm Canada Short Film Face Off
   Source: AI Research (grant)
   Type: grant
   Amount: $30,000.00
   Difficulty: 5/10
   URL: https://www.shortfilmfaceoff.ca/guidelines

11. Filmmaker Nicholas Jarecki’s Chummy Relationship With Jeffrey Epstein Revealed
   Source: The Hollywood Reporter
   Type: news
   Difficulty: 5/10
   URL: https://www.hollywoodreporter.com/news/general-news/nicholas-jareckis-jeffrey-epstein-1236511097/

12. Sundar Prize Film Festival
   Source: AI Research (grant)
   Type: grant
   Amount: $18,000.00
   Difficulty: 5/10
   URL: https://filmfreeway.com/SundarPrize

13. Canada Shorts Film Festival
   Source: AI Research (grant)
   Type: grant
   Difficulty: 5/10
   URL: https://canadashorts.com/

14. City of Windsor - Arts, Culture and Heritage Fund
   Source: AI Research (grant)
   Type: grant
   Difficulty: 5/10
   URL: https://www.citywindsor.ca/newsroom/city-sets-dates-for-2026-funding-rounds-of-the-arts-culture-and-heritage-fund-grant-program

15. IFFSA Talent Fund - Bright Lights Program
   Source: AI Research (grant)
   Type: grant
   Amount: $15,000.00
   Difficulty: 5/10
   URL: https://talentfund.ca/program/


==================================================


==================================================
2026-02-21 09:08:28
Film Funding Opportunities
Daily Film Funding Digest - 15 verified opportunities

1. Creative Communities Projects
   Source: AI Research (grant)
   Type: grant
   Amount: $15,000.00
   Difficulty: 5/10
   URL: https://www.torontoartscouncil.org/grants/creative-communities-projects/

2. TAC Accessibility Grant
   Source: AI Research (grant)
   Type: grant
   Amount: $5,000.00
   Difficulty: 5/10
   URL: https://www.torontoartscouncil.org/grants/tac-accessibility-grant/

3. Black Arts Projects
   Source: AI Research (grant)
   Type: grant
   Amount: $10,000.00
   Difficulty: 5/10
   URL: https://www.torontoartscouncil.org/grants/black-arts-projects/

4. Indigenous Arts Projects
   Source: AI Research (grant)
   Type: grant
   Amount: $10,000.00
   Difficulty: 5/10
   URL: https://www.torontoartscouncil.org/grants/indigenous-arts-projects/

5. Visual Artists Program: Creation
   Source: AI Research (grant)
   Type: grant
   Amount: $15,000.00
   Difficulty: 5/10
   URL: https://www.torontoartscouncil.org/grants/visual-artists-program-creation/

6. Mississauga Arts Council - Matchmaker MicroGrants
   Source: AI Research (grant)
   Type: grant
   Amount: $3,000.00
   Difficulty: 5/10
   URL: https://www.mississaugaartscouncil.com/2026/01/21/macs-winter-2026-matchmaker-microgrants/

7. Milton Community Connections Grant
   Source: AI Research (grant)
   Type: grant
   Amount: $2,500.00
   Difficulty: 5/10
   URL: https://www.milton.ca/en/arts-and-recreation/milton-community-connections-grant.aspx

8. Crazy8s Film Festival
   Source: AI Research (grant)
   Type: grant
   Amount: $2,000.00
   Difficulty: 5/10
   URL: https://crazy8s.film/guidelines/2026-guidelines-faqs/

9. BFI Boosts U.K. Documentary Filmmaking Funding Support by 20 Percent
   Source: The Hollywood Reporter
   Type: news
   Difficulty: 5/10
   URL: https://www.hollywoodreporter.com/movies/movie-news/bfi-uk-documentary-filmmaking-funding-boost-20-percent-1236506686/

10. Ontario Creates - IP Fund (Linear Content Stream)
   Source: AI Research (grant)
   Type: grant
   Amount: $5,000.00
   Difficulty: 5/10
   URL: https://www.ontariocreates.ca/investment-programs/content-creation/intellectual-property-fund/linear-content-stream

11. Ottawa Artist/Creator Grant Program
   Source: AI Research (grant)
   Type: grant
   Difficulty: 5/10
   URL: https://oaggao.ca/whats-on/news/the-artist-creator-grant-program-is-open-for-applications/

12. Historic Sites, Iconic Cities, Diverse Landscapes, Top Facilities Continue to Make Austria a Hot Location Destination Despite Funding Cuts
   Source: Variety
   Type: news
   Difficulty: 5/10
   URL: https://variety.com/2026/film/global/austria-locations-funding-incentives-netflix-studiocanal-1236642129/

13. Canadian Film Fest - You-CAN-Pitch
   Source: AI Research (grant)
   Type: grant
   Amount: $2,000.00
   Difficulty: 5/10
   URL: https://www.canfilmfest.ca/youcan-pitch

14. Telefilm Canada - Not Short on Talent (Cannes)
   Source: AI Research (grant)
   Type: grant
   Difficulty: 5/10
   URL: https://telefilm.ca/en/appel-inscription/cannes-2026-not-short-on-talent-at-the-short-film-corner

15. Canadian Screen Awards - Film Awards
   Source: AI Research (grant)
   Type: grant
   Difficulty: 5/10
   URL: https://www.academy.ca/


==================================================


==================================================
2026-02-22 09:12:54
Film Funding Opportunities
Daily Film Funding Digest - 15 verified opportunities

1. Michael Imperioli Says ‘A Lot’ of ‘The Sopranos’ Characters Would ‘Probably’ Be Trump Supporters: ‘The Show Is About the American Dream’
   Source: Variety
   Type: news
   Difficulty: 5/10
   URL: https://variety.com/2026/tv/news/michael-imperioli-the-sopranos-characters-trump-supporters-1236669372/

2. Canada Council for the Arts - Small-Scale Activities
   Source: AI Research (grant)
   Type: grant
   Amount: $2,000.00
   Difficulty: 5/10
   URL: https://canadacouncil.ca/funding/grants/creating-knowing-sharing/small-scale-activities

3. ‘Everybody Digs Bill Evans’ Review: The Tragic Jazz Musician Gets a Biopic That Runs Counter to Convention
   Source: IndieWire
   Type: news
   Difficulty: 5/10
   URL: https://www.indiewire.com/criticism/movies/everybody-digs-bill-evans-review-1235179188/

4. Basque Cinema Gets Its Goyas Moment
   Source: The Hollywood Reporter
   Type: news
   Difficulty: 5/10
   URL: https://www.hollywoodreporter.com/movies/movie-features/basque-cinema-spain-goyas-moment-goya-awards-los-domingos-1236501380/

5. Canadian Film or Video Production Tax Credit (CPTC)
   Source: AI Research (grant)
   Type: grant
   Difficulty: 5/10
   URL: https://www.canada.ca/en/canadian-heritage/services/funding/cavco-tax-credits/canadian-film-video-production.html

6. Canadian Independent Screen Fund (CISF) for BIPOC Creators
   Source: AI Research (grant)
   Type: grant
   Difficulty: 5/10
   URL: https://www.themosquers.com/cisf

7. Windsor Arts, Culture and Heritage Fund (ACHF) - Round 2
   Source: AI Research (grant)
   Type: grant
   Amount: $5,000.00
   Difficulty: 5/10
   URL: https://www.ACHFWindsor.ca

8.  imagineNATIVE Film + Media Arts Festival Submissions
   Source: AI Research (grant)
   Type: grant
   Difficulty: 5/10
   URL: https://imaginenative.org/festival/submissions/

9. Kingston Canadian Film Festival - Local Shorts Category
   Source: AI Research (grant)
   Type: grant
   Difficulty: 5/10
   URL: https://kingcanfilmfest.com/submit/

10. Brian Tse, Alireza Ghasemi, Tayfun Pirselimoglu Projects Among Hong Kong HAF’s Final Slate
   Source: Variety
   Type: news
   Difficulty: 5/10
   URL: https://variety.com/2026/film/news/brian-tse-alireza-ghasemi-hong-kong-haf-2026-slate-1236658177/

11. Digital Arts Resource Centre Media Art Production Fund
   Source: AI Research (grant)
   Type: grant
   Difficulty: 5/10
   URL: https://digitalartsresourcecentre.ca/media-art-production-fund/

12. We Finance and Support
   Source: Telefilm Canada
   Type: grant
   Difficulty: 5/10
   URL: https://telefilm.ca/en/we-finance-and-support

13. Indigenous Funding
   Source: Telefilm Canada
   Type: grant
   Difficulty: 5/10
   URL: https://telefilm.ca/en/we-finance-and-support/indigenous-funding

14. International programs
   Source: Telefilm Canada
   Type: grant
   Difficulty: 5/10
   URL: https://telefilm.ca/en/we-finance-and-support/our-programs/international-programs

15. Learning Program
   Source: Telefilm Canada
   Type: grant
   Difficulty: 5/10
   URL: https://telefilm.ca/en/we-partner/learning-program-to-strengthen-your-entrepreneurial-skills


==================================================


==================================================
2026-02-22 13:23:55
Film Funding Opportunities
Daily Film Funding Digest - 15 verified opportunities

1. Bell Fund Short-Form Digital Series
   Source: AI Research (grant)
   Type: grant
   Amount: $100,000.00
   Difficulty: 6/10
   URL: https://bellfund.ca/funding-programs/

2. Promotion Programs - External Advisor Application
   Source: Telefilm Talent to Watch
   Type: grant
   Difficulty: 5/10
   URL: https://telefilm.ca/en/we-finance-and-support/project-financing-advisory-committees/national-promotion-program-external-advisor-application

3. Production Programs - Advisory Committee Member application
   Source: Telefilm Talent to Watch
   Type: grant
   Difficulty: 5/10
   URL: https://telefilm.ca/en/we-finance-and-support/project-financing-advisory-committees/production-programs-advisory-committee-member-application

4. International Promotion Program - Distribution Support
   Source: Telefilm Talent to Watch
   Type: grant
   Difficulty: 5/10
   URL: https://telefilm.ca/en/we-finance-and-support/our-programs/international-programs/international-promotion-program-distribution-support

5. Program overview
   Source: Telefilm Talent to Watch
   Type: grant
   Difficulty: 5/10
   URL: https://www.telefilm.ca/en/programmes/talent-to-watch-program#program-overview

6. Apply for funding
   Source: Telefilm Talent to Watch
   Type: grant
   Difficulty: 5/10
   URL: https://www.telefilm.ca/en/programmes/talent-to-watch-program#apply-for-funding

7. Financing Plan Template
   Source: Telefilm Talent to Watch
   Type: grant
   Difficulty: 5/10
   URL: https://telefilm.ca/wp-content/uploads/2024/10/6.-Financing-Plan-Template.xlsx

8. Budgets and Production Financing Requirements
   Source: Telefilm Talent to Watch
   Type: grant
   Difficulty: 5/10
   URL: https://telefilm.ca/wp-content/uploads/2024/04/Budgets-and-Production-Financing-Requirements_2024.pdf

9. Telefilm & Talent Fund Logos
   Source: Telefilm Talent to Watch
   Type: grant
   Difficulty: 5/10
   URL: https://www.telefilm.ca/en/who-we-are/news-room/logos-and-brand-guidelines

10. Accounting and Reporting Requirements (2024)For all financing agreements entered on or after March 5, 2024, the latest ARRs must be applied.
   Source: Telefilm Talent to Watch
   Type: grant
   Difficulty: 5/10
   URL: https://telefilm.ca/wp-content/uploads/2024/03/accounting-reporting-requirements-2024.pdf

11. Financing Framework for 2021-2022
   Source: Telefilm Talent to Watch
   Type: grant
   Difficulty: 5/10
   URL: https://telefilm.ca/wp-content/uploads/framework-ttw-2021en-1.pdf

12. Tax Credit
   Source: Ontario Creates Film Fund
   Type: grant
   Difficulty: 5/10
   URL: https://www.ontariocreates.ca/our-sectors/book/tax-credit-1

13. AcceleratiON Program
   Source: Ontario Creates Film Fund
   Type: grant
   Difficulty: 5/10
   URL: https://www.ontariocreates.ca/our-sectors/music/acceleration-program

14. Interactive Digital Media Fund
   Source: Ontario Creates Film Fund
   Type: grant
   Difficulty: 5/10
   URL: https://www.ontariocreates.ca/investment-programs/content-creation/idm-fund

15. Book Fund
   Source: Ontario Creates Film Fund
   Type: grant
   Difficulty: 5/10
   URL: https://www.ontariocreates.ca/investment-programs/business-development/book-fund


==================================================


==================================================
2026-02-22 15:48:48
Film Funding Opportunities
Daily Film Funding Digest - 15 verified opportunities

1. Hot Docs Ted Rogers Fund
   Source: AI Research (production_company)
   Type: production_company
   Difficulty: 5/10
   URL: https://hotdocs.ca/industry/film-funds/hot-docs-ted-rogers-fund

2. DOC Institute - Breakthrough Development Lab
   Source: AI Research (production_company)
   Type: production_company
   Difficulty: 5/10
   URL: https://docinstitute.com/programs/breakthrough-lab/

3. Slated - Film Financing Platform
   Source: AI Research (production_company)
   Type: production_company
   Difficulty: 5/10
   URL: https://get.slated.com/

4. Hot Docs-Slaight Family Fund
   Source: AI Research (production_company)
   Type: production_company
   Difficulty: 5/10
   URL: https://hotdocs.ca/industry/film-funds/hot-docs-slaight-family-fund

5. Bell Fund Production Program - Selective Stream
   Source: AI Research (grant)
   Type: grant
   Difficulty: 5/10
   URL: https://bellfund.ca/production-program/

6. Canada Council Explore and Create - Artistic Creation
   Source: AI Research (grant)
   Type: grant
   Amount: $25,000.00
   Difficulty: 5/10
   URL: https://canadacouncil.ca/funding/grants/upcoming-funding-opportunities/artistic-creation

7. Magazine Fund
   Source: Ontario Creates Film Fund
   Type: grant
   Difficulty: 5/10
   URL: https://www.ontariocreates.ca/investment-programs/business-development/magazine-fund

8. Enterprise Fund
   Source: Ontario Creates Film Fund
   Type: grant
   Difficulty: 5/10
   URL: https://www.ontariocreates.ca/investment-programs/business-development/enterprise-fund

9. Publishing Marketing and Discoverability Fund
   Source: Ontario Creates Film Fund
   Type: grant
   Difficulty: 5/10
   URL: https://www.ontariocreates.ca/investment-programs/business-development/publishing-marketing-and-discoverability-fund

10. Business Intelligence Program
   Source: Ontario Creates Film Fund
   Type: grant
   Difficulty: 5/10
   URL: https://www.ontariocreates.ca/investment-programs/industry-development/business-intelligence-program

11. Industry Development Program
   Source: Ontario Creates Film Fund
   Type: grant
   Difficulty: 5/10
   URL: https://www.ontariocreates.ca/investment-programs/industry-development/industry-development-program

12. Back to All Grants
   Source: Toronto Arts Council Media Artists
   Type: grant
   Difficulty: 5/10
   URL: https://torontoartscouncil.org/grants

13. TAC Grants Online
   Source: Toronto Arts Council Media Artists
   Type: grant
   Difficulty: 5/10
   URL: https://tac.smartsimple.ca

14. Funding Framework
   Source: Ontario Arts Council Media Artists
   Type: grant
   Difficulty: 5/10
   URL: https://www.arts.on.ca/grants/activity/funding-framework

15. Grant Program Deadlines and Important Dates
   Source: Ontario Arts Council Media Artists
   Type: grant
   Difficulty: 5/10
   URL: https://www.arts.on.ca/grants/general-granting-information/grant-program-deadlines-and-important-dates


==================================================


==================================================
2026-02-22 15:56:57
Film Funding Opportunities
Daily Film Funding Digest - 15 verified opportunities

1. TELUS Fund
   Source: AI Research (fund)
   Type: fund
   Amount: $50,000.00
   Difficulty: 6/10
   URL: https://telusfund.ca/apply-now/

2. Rogers Documentary Fund
   Source: AI Research (fund)
   Type: fund
   Amount: $5,000.00
   Difficulty: 5/10
   URL: https://www.rogersgroupoffunds.com/tell-me-more/funds/documentary-fund/

3. Independent Production Fund (IPF) - Short Form Series Program
   Source: AI Research (fund)
   Type: fund
   Amount: $25,000.00
   Difficulty: 5/10
   URL: https://ipf.ca/guidelines/index.html

4. Canada Media Fund (CMF) - Development Program
   Source: AI Research (fund)
   Type: fund
   Amount: $10,000.00
   Difficulty: 5/10
   URL: https://cmf-fmc.ca/program/development-and-predevelopment-funding/

5. Breakthroughs Film Festival
   Source: AI Research (competition)
   Type: competition
   Difficulty: 5/10
   URL: https://www.breakthroughsfilmfestival.com/

6. Grant Results
   Source: Ontario Arts Council Media Artists
   Type: grant
   Difficulty: 5/10
   URL: https://www.arts.on.ca/grants/general-granting-information/grant-results

7. Chalmers Family Fund
   Source: Ontario Arts Council Media Artists
   Type: grant
   Difficulty: 5/10
   URL: https://www.arts.on.ca/awards/chalmers-family-fund

8. Guide to Providing Application Support
   Source: Ontario Arts Council Media Artists
   Type: grant
   Difficulty: 5/10
   URL: https://www.arts.on.ca/documents/guide-to-providing-application-support

9. OAC Grant Statistics
   Source: Ontario Arts Council Media Artists
   Type: grant
   Difficulty: 5/10
   URL: https://www.arts.on.ca/research-impact/oac-grant-statistics

10. Program Evaluation at OAC
   Source: Ontario Arts Council Media Artists
   Type: grant
   Difficulty: 5/10
   URL: https://www.arts.on.ca/research-impact/program-evaluation-at-oac

11. Guide to OAC Project Programs
   Source: Ontario Arts Council Media Artists
   Type: grant
   Difficulty: 5/10
   URL: https://www.arts.on.ca/grants/general-granting-information/guide-to-oac-project-programs

12. Guide to OAC Support Material
   Source: Ontario Arts Council Media Artists
   Type: grant
   Difficulty: 5/10
   URL: https://www.arts.on.ca/grants/general-granting-information/guide-to-oac-support-material

13. Accessibility Fund: Project Support
   Source: Ontario Arts Council Media Artists
   Type: grant
   Difficulty: 5/10
   URL: https://www.arts.on.ca/grants/accessibility-fund-project-support

14. Terms and Conditions – receipt of OAC project grant funds
   Source: Ontario Arts Council Media Artists
   Type: grant
   Difficulty: 5/10
   URL: http://www.arts.on.ca/grants/general-granting-information/terms-and-conditions-receipt-of-oac-project-grants

15. Canadian Media Skills Exchange (CMSE) – Program
   Source: LIFT Production Grants
   Type: grant
   Difficulty: 5/10
   URL: https://lift.ca/canadian-media-skills-exchange-cmse-program/


==================================================


==================================================
2026-02-22 16:03:39
Film Funding Opportunities
Daily Film Funding Digest - 15 verified opportunities

1. NFB Filmmaker Assistance Program (FAP)
   Source: AI Research (grant)
   Type: grant
   Difficulty: 5/10
   URL: https://production.nfb.ca/filmmaker-assistance-program-fap/

2. Forest City Youth Film Festival
   Source: AI Research (competition)
   Type: competition
   Difficulty: 5/10
   URL: https://fcff.ca/youth/

3. Future of Film Showcase - Director Development Incubator
   Source: AI Research (competition)
   Type: competition
   Difficulty: 5/10
   URL: https://www.filmfreeway.com/FOFSPitchCompetition

4. Eye2Eye Showcase Film Festival
   Source: AI Research (competition)
   Type: competition
   Difficulty: 5/10
   URL: https://filmfreeway.com/Eye2EyeShowcase

5. Analogue Resilience – Program
   Source: LIFT Production Grants
   Type: grant
   Difficulty: 5/10
   URL: https://lift.ca/analogue-resilience-program/

6. Past Support Grants Issued
   Source: LIFT Production Grants
   Type: grant
   Difficulty: 5/10
   URL: https://lift.ca/past-grants-issued/

7. ProgressReport_LIFTProductionSupportProgram_Aug2023
   Source: LIFT Production Grants
   Type: grant
   Difficulty: 5/10
   URL: https://lift.ca/wp-content/uploads/2023/08/ProgressReport_LIFTProductionSupportProgram_Aug2023.pdf

8. FinalReport_LIFTProductionSupportProgram_Aug2023
   Source: LIFT Production Grants
   Type: grant
   Difficulty: 5/10
   URL: https://lift.ca/wp-content/uploads/2023/08/FinalReport_LIFTProductionSupportProgram_Aug2023.pdf

9. Please help LIFT reach our year end fundraising goal of $20,000!
   Source: LIFT Production Grants
   Type: grant
   Amount: $20,000.00
   Difficulty: 5/10
   URL: https://lift.ca/news-post/please-help-lift-reach-our-year-end-fundraising-goal-of-20000/

10. FAP: Filmmaker Assistance Program
   Source: NFB Filmmaker Assistance Program
   Type: grant
   Difficulty: 5/10
   URL: https://production.nfbonf.ca/en/filmmaker-assistance-program-fap/

11. Independent Production Fund (IPF)
   Source: AI Research (production_company)
   Type: production_company
   Difficulty: 5/10
   URL: https://www.ipf.ca/

12. Rogers Documentary Fund
   Source: AI Research (production_company)
   Type: production_company
   Difficulty: 5/10
   URL: https://www.rogersgroupoffunds.com/fund-my-project/documentary-fund/

13. TELUS Fund
   Source: AI Research (production_company)
   Type: production_company
   Difficulty: 5/10
   URL: https://telusfund.ca/

14. Sundance Institute Catalyst
   Source: AI Research (production_company)
   Type: production_company
   Difficulty: 5/10
   URL: https://www.sundance.org/initiatives/catalyst/

15. Catapult Film Fund
   Source: AI Research (production_company)
   Type: production_company
   Difficulty: 5/10
   URL: https://www.catapultfilmfund.org/


==================================================


==================================================
2026-02-23 09:11:17
Film Funding Opportunities
Daily Film Funding Digest - 15 verified opportunities

1. Telefilm Talent to Watch Program
   Source: AI Research (grant)
   Type: grant
   Amount: $150,000.00
   Difficulty: 6/10
   URL: https://telefilm.ca/en/we-finance-and-support/talent-to-watch-program

2. NFB Filmmaker Assistance Program
   Source: AI Research (fund)
   Type: fund
   Difficulty: 5/10
   URL: https://www.canada.ca/en/national-film-board/programs/filmmaker-assistance.html

3. Canada Media Fund - Conceptualization Program
   Source: AI Research (fund)
   Type: fund
   Amount: $15,000.00
   Difficulty: 5/10
   URL: https://cmf-fmc.ca/program/conceptualization-program/

4. Telefilm Canada - Production Program
   Source: AI Research (fund)
   Type: fund
   Difficulty: 5/10
   URL: https://telefilm.ca/en/programmes/production-program

5. Bell Fund
   Source: AI Research (production_company)
   Type: production_company
   Difficulty: 5/10
   URL: https://bellfund.ca/

6. TIFF K-Story Fund
   Source: AI Research (production_company)
   Type: production_company
   Difficulty: 5/10
   URL: https://www.tiff.net/

7. LIFT Digital Cinema Residency
   Source: AI Research (grant)
   Type: grant
   Amount: $8,000.00
   Difficulty: 5/10
   URL: https://lift.ca/programming-home/digital-cinema-residency-2026-announcement/

8. imagineNATIVE Festival Awards
   Source: AI Research (grant)
   Type: grant
   Difficulty: 5/10
   URL: https://imaginenative.org/festival/awards/

9. Canada Council Professional Development for Artists
   Source: AI Research (grant)
   Type: grant
   Amount: $10,000.00
   Difficulty: 5/10
   URL: https://canadacouncil.ca/funding/grants/explore-and-create/professional-development-for-artists

10. The Talent Fund
   Source: Telefilm Canada
   Type: grant
   Difficulty: 5/10
   URL: https://telefilm.ca/en/we-partner/talent-fund

11. Apply for a Grant
   Source: Toronto Arts Council
   Type: grant
   Difficulty: 5/10
   URL: https://tac.smartsimple.ca/s_Login.jsp

12. Art Grants
   Source: Toronto Arts Council
   Type: grant
   Difficulty: 5/10
   URL: https://torontoartscouncil.org/grants/

13. Updates: Funding Opportunities and Portal
   Source: Canada Council for the Arts
   Type: grant
   Difficulty: 5/10
   URL: https://canadacouncil.ca/funding/updates

14. Strategic Funds
   Source: Canada Council for the Arts
   Type: grant
   Difficulty: 5/10
   URL: https://canadacouncil.ca/funding/strategic-funds

15. The Canada Council’s grant programs
   Source: Canada Council for the Arts
   Type: grant
   Difficulty: 5/10
   URL: https://www.canadacouncil.ca/funding/grants


==================================================


==================================================
2026-02-24 09:11:58
Film Funding Opportunities
Daily Film Funding Digest - 15 verified opportunities

1. “Knowing Yourself Is a Big Part of Your Package as an Actor”: Astrid Rotenberry, Back To One, Episode 377
   Source: Filmmaker Magazine
   Type: news
   Difficulty: 5/10
   URL: https://filmmakermagazine.com/133172-astrid-rotenberry-back-to-one-episode-377/

2. Bell Fund - Slate Development Program
   Source: AI Research (fund)
   Type: fund
   Amount: $15,000.00
   Difficulty: 4/10
   URL: https://bellfund.ca/slate-development-program/

3. Manitoba Grant Program for Emerging Talent and Micro-Budget Production
   Source: AI Research (fund)
   Type: fund
   Amount: $10,000.00
   Difficulty: 4/10
   URL: https://canadabusinessgrants.com/manitoba/grant-program-for-emerging-talent-and-micro-budget-production/

4. ArtReach Artist Creation Projects Grant
   Source: AI Research (grant)
   Type: grant
   Amount: $500.00
   Difficulty: 4/10
   URL: https://www.artreach.org/grants

5. Regent Park Film Festival Emerging Directors' Pitch Competition
   Source: AI Research (competition)
   Type: competition
   Difficulty: 4/10
   URL: https://rpff.ca/edp/

6. Toronto Shorts International Film Festival
   Source: AI Research (competition)
   Type: competition
   Difficulty: 4/10
   URL: https://www.torontoshorts.com/submit

7. Factory Media Centre
   Source: AI Research (production_company)
   Type: production_company
   Difficulty: 4/10
   URL: https://www.factorymediacentre.ca/

8. Canada Media Fund - Slate Development Pilot
   Source: AI Research (production_company)
   Type: production_company
   Difficulty: 4/10
   URL: https://cmf-fmc.ca/program/slate-development-pilot-program/

9. TIFF Every Story Accelerator
   Source: AI Research (production_company)
   Type: production_company
   Difficulty: 4/10
   URL: https://tiff.net/industry-every-story-accelerator

10. Atlantic International Film Festival / AIFF Partners
   Source: AI Research (networking)
   Type: networking
   Difficulty: 4/10
   URL: https://atlanticfilmfestival.ca/aiff-partners

11. Ontario Book Publishing Tax Credit (OBPTC)
   Source: Ontario Creates Film Fund
   Type: grant
   Difficulty: 4/10
   URL: https://www.ontariocreates.ca/tax-incentives/obptc

12. Ontario Film & Television Tax Credit (OFTTC)
   Source: Ontario Creates Film Fund
   Type: grant
   Difficulty: 4/10
   URL: https://www.ontariocreates.ca/tax-incentives/ofttc

13. Ontario Production Services Tax Credit (OPSTC)
   Source: Ontario Creates Film Fund
   Type: grant
   Difficulty: 4/10
   URL: https://www.ontariocreates.ca/tax-incentives/opstc

14. Ontario Interactive Digital Media Tax Credit (OIDMTC)
   Source: Ontario Creates Film Fund
   Type: grant
   Difficulty: 4/10
   URL: https://www.ontariocreates.ca/tax-incentives/oidmtc

15. Ontario Music Investment Fund
   Source: Ontario Creates Film Fund
   Type: grant
   Difficulty: 4/10
   URL: https://www.ontariocreates.ca/investment-programs/content-creation/ontario-music-fund


==================================================

